WARNING: In non-interactive mode release checks e.g. deprecated releases, production architectures are disabled.
[2019-04-15 16:12:19,037][INFO] Will try to GET /reqmgr2/data/request?name=chayanit_RVCMSSW_10_5_0_pre2ZMM_13_PU25ns__rsb_190301_174933_1743
[2019-04-15 16:12:19,329][INFO] Will try to GET /dqm/relval/data/browse/ROOT/RelVal/CMSSW_10_5_x/
[2019-04-15 16:12:19,479][INFO] Dataset URL /dqm/relval/data/browse/ROOT/RelVal/CMSSW_10_5_x/DQM_V0001_R000000001__RelValZMM_13__CMSSW_10_5_0_pre2-PU25ns_105X_upgrade2018_realistic_v2_rsb-v1__DQMIO.root for chayanit_RVCMSSW_10_5_0_pre2ZMM_13_PU25ns__rsb_190301_174933_1743
[2019-04-15 16:12:20,518][INFO] Will try to download file /dqm/relval/data/browse/ROOT/RelVal/CMSSW_10_5_x/DQM_V0001_R000000001__RelValZMM_13__CMSSW_10_5_0_pre2-PU25ns_105X_upgrade2018_realistic_v2_rsb-v1__DQMIO.root
[2019-04-15 16:12:20,518][INFO] Using file name DQM_V0001_R000000001__RelValZMM_13__CMSSW_10_5_0_pre2-PU25ns_105X_upgrade2018_realistic_v2_rsb-v1__DQMIO.root for /dqm/relval/data/browse/ROOT/RelVal/CMSSW_10_5_x/DQM_V0001_R000000001__RelValZMM_13__CMSSW_10_5_0_pre2-PU25ns_105X_upgrade2018_realistic_v2_rsb-v1__DQMIO.root
[2019-04-15 16:12:25,811][INFO] Will try to GET /reqmgr2/data/request?name=chayanit_RVCMSSW_10_5_0_pre2TTbar_13_PU25ns__rsb_190301_174927_2163
[2019-04-15 16:12:26,032][INFO] Will try to GET /dqm/relval/data/browse/ROOT/RelVal/CMSSW_10_5_x/
[2019-04-15 16:12:26,035][INFO] Dataset URL /dqm/relval/data/browse/ROOT/RelVal/CMSSW_10_5_x/DQM_V0001_R000000001__RelValTTbar_13__CMSSW_10_5_0_pre2-PU25ns_105X_upgrade2018_realistic_v2_rsb-v1__DQMIO.root for chayanit_RVCMSSW_10_5_0_pre2TTbar_13_PU25ns__rsb_190301_174927_2163
[2019-04-15 16:12:27,069][INFO] Will try to download file /dqm/relval/data/browse/ROOT/RelVal/CMSSW_10_5_x/DQM_V0001_R000000001__RelValTTbar_13__CMSSW_10_5_0_pre2-PU25ns_105X_upgrade2018_realistic_v2_rsb-v1__DQMIO.root
[2019-04-15 16:12:27,070][INFO] Using file name DQM_V0001_R000000001__RelValTTbar_13__CMSSW_10_5_0_pre2-PU25ns_105X_upgrade2018_realistic_v2_rsb-v1__DQMIO.root for /dqm/relval/data/browse/ROOT/RelVal/CMSSW_10_5_x/DQM_V0001_R000000001__RelValTTbar_13__CMSSW_10_5_0_pre2-PU25ns_105X_upgrade2018_realistic_v2_rsb-v1__DQMIO.root
[2019-04-15 16:12:31,771][INFO] Will try to GET /reqmgr2/data/request?name=chayanit_RVCMSSW_10_5_0_pre2H125GGgluonfusion_13_PU25ns__rsb_190301_174943_6003
[2019-04-15 16:12:31,869][INFO] Will try to GET /dqm/relval/data/browse/ROOT/RelVal/CMSSW_10_5_x/
[2019-04-15 16:12:31,874][INFO] Dataset URL /dqm/relval/data/browse/ROOT/RelVal/CMSSW_10_5_x/DQM_V0001_R000000001__RelValH125GGgluonfusion_13__CMSSW_10_5_0_pre2-PU25ns_105X_upgrade2018_realistic_v2_rsb-v1__DQMIO.root for chayanit_RVCMSSW_10_5_0_pre2H125GGgluonfusion_13_PU25ns__rsb_190301_174943_6003
[2019-04-15 16:12:32,906][INFO] Will try to download file /dqm/relval/data/browse/ROOT/RelVal/CMSSW_10_5_x/DQM_V0001_R000000001__RelValH125GGgluonfusion_13__CMSSW_10_5_0_pre2-PU25ns_105X_upgrade2018_realistic_v2_rsb-v1__DQMIO.root
[2019-04-15 16:12:32,907][INFO] Using file name DQM_V0001_R000000001__RelValH125GGgluonfusion_13__CMSSW_10_5_0_pre2-PU25ns_105X_upgrade2018_realistic_v2_rsb-v1__DQMIO.root for /dqm/relval/data/browse/ROOT/RelVal/CMSSW_10_5_x/DQM_V0001_R000000001__RelValH125GGgluonfusion_13__CMSSW_10_5_0_pre2-PU25ns_105X_upgrade2018_realistic_v2_rsb-v1__DQMIO.root
[2019-04-15 16:12:37,519][INFO] Will try to GET /reqmgr2/data/request?name=chayanit_RVCMSSW_10_5_0_pre2QQH1352T_13_PU25ns__rsb_190301_175024_3505
[2019-04-15 16:12:37,705][INFO] Will try to GET /dqm/relval/data/browse/ROOT/RelVal/CMSSW_10_5_x/
[2019-04-15 16:12:37,708][INFO] Dataset URL /dqm/relval/data/browse/ROOT/RelVal/CMSSW_10_5_x/DQM_V0001_R000000001__RelValQQH1352T_13__CMSSW_10_5_0_pre2-PU25ns_105X_upgrade2018_realistic_v2_rsb-v1__DQMIO.root for chayanit_RVCMSSW_10_5_0_pre2QQH1352T_13_PU25ns__rsb_190301_175024_3505
[2019-04-15 16:12:38,747][INFO] Will try to download file /dqm/relval/data/browse/ROOT/RelVal/CMSSW_10_5_x/DQM_V0001_R000000001__RelValQQH1352T_13__CMSSW_10_5_0_pre2-PU25ns_105X_upgrade2018_realistic_v2_rsb-v1__DQMIO.root
[2019-04-15 16:12:38,748][INFO] Using file name DQM_V0001_R000000001__RelValQQH1352T_13__CMSSW_10_5_0_pre2-PU25ns_105X_upgrade2018_realistic_v2_rsb-v1__DQMIO.root for /dqm/relval/data/browse/ROOT/RelVal/CMSSW_10_5_x/DQM_V0001_R000000001__RelValQQH1352T_13__CMSSW_10_5_0_pre2-PU25ns_105X_upgrade2018_realistic_v2_rsb-v1__DQMIO.root
[2019-04-15 16:12:43,680][INFO] Will try to GET /reqmgr2/data/request?name=chayanit_RVCMSSW_10_5_0_pre2NuGun_PU25ns__rsb_190301_175009_6260
[2019-04-15 16:12:43,826][INFO] Will try to GET /dqm/relval/data/browse/ROOT/RelVal/CMSSW_10_5_x/
[2019-04-15 16:12:43,831][INFO] Dataset URL /dqm/relval/data/browse/ROOT/RelVal/CMSSW_10_5_x/DQM_V0001_R000000001__RelValNuGun__CMSSW_10_5_0_pre2-PU25ns_105X_upgrade2018_realistic_v2_rsb-v1__DQMIO.root for chayanit_RVCMSSW_10_5_0_pre2NuGun_PU25ns__rsb_190301_175009_6260
[2019-04-15 16:12:44,870][INFO] Will try to download file /dqm/relval/data/browse/ROOT/RelVal/CMSSW_10_5_x/DQM_V0001_R000000001__RelValNuGun__CMSSW_10_5_0_pre2-PU25ns_105X_upgrade2018_realistic_v2_rsb-v1__DQMIO.root
[2019-04-15 16:12:44,871][INFO] Using file name DQM_V0001_R000000001__RelValNuGun__CMSSW_10_5_0_pre2-PU25ns_105X_upgrade2018_realistic_v2_rsb-v1__DQMIO.root for /dqm/relval/data/browse/ROOT/RelVal/CMSSW_10_5_x/DQM_V0001_R000000001__RelValNuGun__CMSSW_10_5_0_pre2-PU25ns_105X_upgrade2018_realistic_v2_rsb-v1__DQMIO.root
[2019-04-15 16:12:49,221][INFO] Will try to GET /reqmgr2/data/request?name=chayanit_RVCMSSW_10_5_0_pre2ZEE_13_PU25ns__rsb_190301_175004_4760
[2019-04-15 16:12:49,463][INFO] Will try to GET /dqm/relval/data/browse/ROOT/RelVal/CMSSW_10_5_x/
[2019-04-15 16:12:49,467][INFO] Dataset URL /dqm/relval/data/browse/ROOT/RelVal/CMSSW_10_5_x/DQM_V0001_R000000001__RelValZEE_13__CMSSW_10_5_0_pre2-PU25ns_105X_upgrade2018_realistic_v2_rsb-v1__DQMIO.root for chayanit_RVCMSSW_10_5_0_pre2ZEE_13_PU25ns__rsb_190301_175004_4760
[2019-04-15 16:12:50,504][INFO] Will try to download file /dqm/relval/data/browse/ROOT/RelVal/CMSSW_10_5_x/DQM_V0001_R000000001__RelValZEE_13__CMSSW_10_5_0_pre2-PU25ns_105X_upgrade2018_realistic_v2_rsb-v1__DQMIO.root
[2019-04-15 16:12:50,505][INFO] Using file name DQM_V0001_R000000001__RelValZEE_13__CMSSW_10_5_0_pre2-PU25ns_105X_upgrade2018_realistic_v2_rsb-v1__DQMIO.root for /dqm/relval/data/browse/ROOT/RelVal/CMSSW_10_5_x/DQM_V0001_R000000001__RelValZEE_13__CMSSW_10_5_0_pre2-PU25ns_105X_upgrade2018_realistic_v2_rsb-v1__DQMIO.root
[2019-04-15 16:12:55,303][INFO] Will try to GET /reqmgr2/data/request?name=chayanit_RVCMSSW_10_5_0_pre2SMS-T1tttt_mGl-1500_mLSP-100_13_PU25ns__rsb_190301_175030_7874
[2019-04-15 16:12:55,427][INFO] Will try to GET /dqm/relval/data/browse/ROOT/RelVal/CMSSW_10_5_x/
[2019-04-15 16:12:55,433][INFO] Dataset URL /dqm/relval/data/browse/ROOT/RelVal/CMSSW_10_5_x/DQM_V0001_R000000001__RelValSMS-T1tttt_mGl-1500_mLSP-100_13__CMSSW_10_5_0_pre2-PU25ns_105X_upgrade2018_realistic_v2_rsb-v1__DQMIO.root for chayanit_RVCMSSW_10_5_0_pre2SMS-T1tttt_mGl-1500_mLSP-100_13_PU25ns__rsb_190301_175030_7874
[2019-04-15 16:12:56,468][INFO] Will try to download file /dqm/relval/data/browse/ROOT/RelVal/CMSSW_10_5_x/DQM_V0001_R000000001__RelValSMS-T1tttt_mGl-1500_mLSP-100_13__CMSSW_10_5_0_pre2-PU25ns_105X_upgrade2018_realistic_v2_rsb-v1__DQMIO.root
[2019-04-15 16:12:56,468][INFO] Using file name DQM_V0001_R000000001__RelValSMS-T1tttt_mGl-1500_mLSP-100_13__CMSSW_10_5_0_pre2-PU25ns_105X_upgrade2018_realistic_v2_rsb-v1__DQMIO.root for /dqm/relval/data/browse/ROOT/RelVal/CMSSW_10_5_x/DQM_V0001_R000000001__RelValSMS-T1tttt_mGl-1500_mLSP-100_13__CMSSW_10_5_0_pre2-PU25ns_105X_upgrade2018_realistic_v2_rsb-v1__DQMIO.root
[2019-04-15 16:13:01,658][INFO] Will try to GET /reqmgr2/data/request?name=chayanit_RVCMSSW_10_5_0_pre2ZTT_13_PU25ns__rsb_190301_175018_9215
[2019-04-15 16:13:01,781][INFO] Will try to GET /dqm/relval/data/browse/ROOT/RelVal/CMSSW_10_5_x/
[2019-04-15 16:13:01,784][INFO] Dataset URL /dqm/relval/data/browse/ROOT/RelVal/CMSSW_10_5_x/DQM_V0001_R000000001__RelValZTT_13__CMSSW_10_5_0_pre2-PU25ns_105X_upgrade2018_realistic_v2_rsb-v1__DQMIO.root for chayanit_RVCMSSW_10_5_0_pre2ZTT_13_PU25ns__rsb_190301_175018_9215
[2019-04-15 16:13:02,821][INFO] Will try to download file /dqm/relval/data/browse/ROOT/RelVal/CMSSW_10_5_x/DQM_V0001_R000000001__RelValZTT_13__CMSSW_10_5_0_pre2-PU25ns_105X_upgrade2018_realistic_v2_rsb-v1__DQMIO.root
[2019-04-15 16:13:02,821][INFO] Using file name DQM_V0001_R000000001__RelValZTT_13__CMSSW_10_5_0_pre2-PU25ns_105X_upgrade2018_realistic_v2_rsb-v1__DQMIO.root for /dqm/relval/data/browse/ROOT/RelVal/CMSSW_10_5_x/DQM_V0001_R000000001__RelValZTT_13__CMSSW_10_5_0_pre2-PU25ns_105X_upgrade2018_realistic_v2_rsb-v1__DQMIO.root
[2019-04-15 16:13:07,302][INFO] Will try to GET /reqmgr2/data/request?name=chayanit_RVCMSSW_10_5_0_pre2ZMM_13UP18_PUpmx25ns__190304_032111_2342
[2019-04-15 16:13:07,454][INFO] Will try to GET /dqm/relval/data/browse/ROOT/RelVal/CMSSW_10_5_x/
[2019-04-15 16:13:07,457][INFO] Dataset URL /dqm/relval/data/browse/ROOT/RelVal/CMSSW_10_5_x/DQM_V0001_R000000001__RelValZMM_13__CMSSW_10_5_0_pre2-PUpmx25ns_105X_upgrade2018_realistic_v2-v1__DQMIO.root for chayanit_RVCMSSW_10_5_0_pre2ZMM_13UP18_PUpmx25ns__190304_032111_2342
[2019-04-15 16:13:08,492][INFO] Will try to download file /dqm/relval/data/browse/ROOT/RelVal/CMSSW_10_5_x/DQM_V0001_R000000001__RelValZMM_13__CMSSW_10_5_0_pre2-PUpmx25ns_105X_upgrade2018_realistic_v2-v1__DQMIO.root
[2019-04-15 16:13:08,492][INFO] Using file name DQM_V0001_R000000001__RelValZMM_13__CMSSW_10_5_0_pre2-PUpmx25ns_105X_upgrade2018_realistic_v2-v1__DQMIO.root for /dqm/relval/data/browse/ROOT/RelVal/CMSSW_10_5_x/DQM_V0001_R000000001__RelValZMM_13__CMSSW_10_5_0_pre2-PUpmx25ns_105X_upgrade2018_realistic_v2-v1__DQMIO.root
[2019-04-15 16:13:13,236][INFO] Will try to GET /reqmgr2/data/request?name=chayanit_RVCMSSW_10_5_0_pre2TTbar_13UP18_PUpmx25ns__190304_032127_9125
[2019-04-15 16:13:13,416][INFO] Will try to GET /dqm/relval/data/browse/ROOT/RelVal/CMSSW_10_5_x/
[2019-04-15 16:13:13,419][INFO] Dataset URL /dqm/relval/data/browse/ROOT/RelVal/CMSSW_10_5_x/DQM_V0001_R000000001__RelValTTbar_13__CMSSW_10_5_0_pre2-PUpmx25ns_105X_upgrade2018_realistic_v2-v1__DQMIO.root for chayanit_RVCMSSW_10_5_0_pre2TTbar_13UP18_PUpmx25ns__190304_032127_9125
[2019-04-15 16:13:14,457][INFO] Will try to download file /dqm/relval/data/browse/ROOT/RelVal/CMSSW_10_5_x/DQM_V0001_R000000001__RelValTTbar_13__CMSSW_10_5_0_pre2-PUpmx25ns_105X_upgrade2018_realistic_v2-v1__DQMIO.root
[2019-04-15 16:13:14,457][INFO] Using file name DQM_V0001_R000000001__RelValTTbar_13__CMSSW_10_5_0_pre2-PUpmx25ns_105X_upgrade2018_realistic_v2-v1__DQMIO.root for /dqm/relval/data/browse/ROOT/RelVal/CMSSW_10_5_x/DQM_V0001_R000000001__RelValTTbar_13__CMSSW_10_5_0_pre2-PUpmx25ns_105X_upgrade2018_realistic_v2-v1__DQMIO.root
[2019-04-15 16:13:19,392][INFO] Will try to GET /reqmgr2/data/request?name=chayanit_RVCMSSW_10_5_0_pre2H125GGgluonfusion_13UP18_PUpmx25ns__190304_032131_7603
[2019-04-15 16:13:19,523][INFO] Will try to GET /dqm/relval/data/browse/ROOT/RelVal/CMSSW_10_5_x/
[2019-04-15 16:13:19,526][INFO] Dataset URL /dqm/relval/data/browse/ROOT/RelVal/CMSSW_10_5_x/DQM_V0001_R000000001__RelValH125GGgluonfusion_13__CMSSW_10_5_0_pre2-PUpmx25ns_105X_upgrade2018_realistic_v2-v1__DQMIO.root for chayanit_RVCMSSW_10_5_0_pre2H125GGgluonfusion_13UP18_PUpmx25ns__190304_032131_7603
[2019-04-15 16:13:20,563][INFO] Will try to download file /dqm/relval/data/browse/ROOT/RelVal/CMSSW_10_5_x/DQM_V0001_R000000001__RelValH125GGgluonfusion_13__CMSSW_10_5_0_pre2-PUpmx25ns_105X_upgrade2018_realistic_v2-v1__DQMIO.root
[2019-04-15 16:13:20,563][INFO] Using file name DQM_V0001_R000000001__RelValH125GGgluonfusion_13__CMSSW_10_5_0_pre2-PUpmx25ns_105X_upgrade2018_realistic_v2-v1__DQMIO.root for /dqm/relval/data/browse/ROOT/RelVal/CMSSW_10_5_x/DQM_V0001_R000000001__RelValH125GGgluonfusion_13__CMSSW_10_5_0_pre2-PUpmx25ns_105X_upgrade2018_realistic_v2-v1__DQMIO.root
[2019-04-15 16:13:25,316][INFO] Will try to GET /reqmgr2/data/request?name=chayanit_RVCMSSW_10_5_0_pre2QQH1352T_13UP18_PUpmx25ns__190304_032137_711
[2019-04-15 16:13:25,449][INFO] Will try to GET /dqm/relval/data/browse/ROOT/RelVal/CMSSW_10_5_x/
[2019-04-15 16:13:25,452][INFO] Dataset URL /dqm/relval/data/browse/ROOT/RelVal/CMSSW_10_5_x/DQM_V0001_R000000001__RelValQQH1352T_13__CMSSW_10_5_0_pre2-PUpmx25ns_105X_upgrade2018_realistic_v2-v1__DQMIO.root for chayanit_RVCMSSW_10_5_0_pre2QQH1352T_13UP18_PUpmx25ns__190304_032137_711
[2019-04-15 16:13:26,485][INFO] Will try to download file /dqm/relval/data/browse/ROOT/RelVal/CMSSW_10_5_x/DQM_V0001_R000000001__RelValQQH1352T_13__CMSSW_10_5_0_pre2-PUpmx25ns_105X_upgrade2018_realistic_v2-v1__DQMIO.root
[2019-04-15 16:13:26,486][INFO] Using file name DQM_V0001_R000000001__RelValQQH1352T_13__CMSSW_10_5_0_pre2-PUpmx25ns_105X_upgrade2018_realistic_v2-v1__DQMIO.root for /dqm/relval/data/browse/ROOT/RelVal/CMSSW_10_5_x/DQM_V0001_R000000001__RelValQQH1352T_13__CMSSW_10_5_0_pre2-PUpmx25ns_105X_upgrade2018_realistic_v2-v1__DQMIO.root
[2019-04-15 16:13:31,206][INFO] Will try to GET /reqmgr2/data/request?name=chayanit_RVCMSSW_10_5_0_pre2NuGun_UP18_PUpmx25ns__190304_032140_9399
[2019-04-15 16:13:31,583][INFO] Will try to GET /dqm/relval/data/browse/ROOT/RelVal/CMSSW_10_5_x/
[2019-04-15 16:13:31,586][INFO] Dataset URL /dqm/relval/data/browse/ROOT/RelVal/CMSSW_10_5_x/DQM_V0001_R000000001__RelValNuGun__CMSSW_10_5_0_pre2-PUpmx25ns_105X_upgrade2018_realistic_v2-v1__DQMIO.root for chayanit_RVCMSSW_10_5_0_pre2NuGun_UP18_PUpmx25ns__190304_032140_9399
[2019-04-15 16:13:32,622][INFO] Will try to download file /dqm/relval/data/browse/ROOT/RelVal/CMSSW_10_5_x/DQM_V0001_R000000001__RelValNuGun__CMSSW_10_5_0_pre2-PUpmx25ns_105X_upgrade2018_realistic_v2-v1__DQMIO.root
[2019-04-15 16:13:32,622][INFO] Using file name DQM_V0001_R000000001__RelValNuGun__CMSSW_10_5_0_pre2-PUpmx25ns_105X_upgrade2018_realistic_v2-v1__DQMIO.root for /dqm/relval/data/browse/ROOT/RelVal/CMSSW_10_5_x/DQM_V0001_R000000001__RelValNuGun__CMSSW_10_5_0_pre2-PUpmx25ns_105X_upgrade2018_realistic_v2-v1__DQMIO.root
[2019-04-15 16:13:36,784][INFO] Will try to GET /reqmgr2/data/request?name=chayanit_RVCMSSW_10_5_0_pre2ZEE_13UP18_PUpmx25ns__190304_032144_2672
[2019-04-15 16:13:36,911][INFO] Will try to GET /dqm/relval/data/browse/ROOT/RelVal/CMSSW_10_5_x/
[2019-04-15 16:13:36,914][INFO] Dataset URL /dqm/relval/data/browse/ROOT/RelVal/CMSSW_10_5_x/DQM_V0001_R000000001__RelValZEE_13__CMSSW_10_5_0_pre2-PUpmx25ns_105X_upgrade2018_realistic_v2-v1__DQMIO.root for chayanit_RVCMSSW_10_5_0_pre2ZEE_13UP18_PUpmx25ns__190304_032144_2672
[2019-04-15 16:13:37,949][INFO] Will try to download file /dqm/relval/data/browse/ROOT/RelVal/CMSSW_10_5_x/DQM_V0001_R000000001__RelValZEE_13__CMSSW_10_5_0_pre2-PUpmx25ns_105X_upgrade2018_realistic_v2-v1__DQMIO.root
[2019-04-15 16:13:37,950][INFO] Using file name DQM_V0001_R000000001__RelValZEE_13__CMSSW_10_5_0_pre2-PUpmx25ns_105X_upgrade2018_realistic_v2-v1__DQMIO.root for /dqm/relval/data/browse/ROOT/RelVal/CMSSW_10_5_x/DQM_V0001_R000000001__RelValZEE_13__CMSSW_10_5_0_pre2-PUpmx25ns_105X_upgrade2018_realistic_v2-v1__DQMIO.root
[2019-04-15 16:13:42,624][INFO] Will try to GET /reqmgr2/data/request?name=chayanit_RVCMSSW_10_5_0_pre2SMS-T1tttt_mGl-1500_mLSP-100_13UP18_PUpmx25ns__190304_032147_8707
[2019-04-15 16:13:42,745][INFO] Will try to GET /dqm/relval/data/browse/ROOT/RelVal/CMSSW_10_5_x/
[2019-04-15 16:13:42,749][INFO] Dataset URL /dqm/relval/data/browse/ROOT/RelVal/CMSSW_10_5_x/DQM_V0001_R000000001__RelValSMS-T1tttt_mGl-1500_mLSP-100_13__CMSSW_10_5_0_pre2-PUpmx25ns_105X_upgrade2018_realistic_v2-v1__DQMIO.root for chayanit_RVCMSSW_10_5_0_pre2SMS-T1tttt_mGl-1500_mLSP-100_13UP18_PUpmx25ns__190304_032147_8707
[2019-04-15 16:13:43,783][INFO] Will try to download file /dqm/relval/data/browse/ROOT/RelVal/CMSSW_10_5_x/DQM_V0001_R000000001__RelValSMS-T1tttt_mGl-1500_mLSP-100_13__CMSSW_10_5_0_pre2-PUpmx25ns_105X_upgrade2018_realistic_v2-v1__DQMIO.root
[2019-04-15 16:13:43,783][INFO] Using file name DQM_V0001_R000000001__RelValSMS-T1tttt_mGl-1500_mLSP-100_13__CMSSW_10_5_0_pre2-PUpmx25ns_105X_upgrade2018_realistic_v2-v1__DQMIO.root for /dqm/relval/data/browse/ROOT/RelVal/CMSSW_10_5_x/DQM_V0001_R000000001__RelValSMS-T1tttt_mGl-1500_mLSP-100_13__CMSSW_10_5_0_pre2-PUpmx25ns_105X_upgrade2018_realistic_v2-v1__DQMIO.root
[2019-04-15 16:13:48,834][INFO] Will try to GET /reqmgr2/data/request?name=chayanit_RVCMSSW_10_5_0_pre2ZTT_13UP18_PUpmx25ns__190304_032150_8937
[2019-04-15 16:13:48,961][INFO] Will try to GET /dqm/relval/data/browse/ROOT/RelVal/CMSSW_10_5_x/
[2019-04-15 16:13:48,966][INFO] Dataset URL /dqm/relval/data/browse/ROOT/RelVal/CMSSW_10_5_x/DQM_V0001_R000000001__RelValZTT_13__CMSSW_10_5_0_pre2-PUpmx25ns_105X_upgrade2018_realistic_v2-v1__DQMIO.root for chayanit_RVCMSSW_10_5_0_pre2ZTT_13UP18_PUpmx25ns__190304_032150_8937
[2019-04-15 16:13:50,004][INFO] Will try to download file /dqm/relval/data/browse/ROOT/RelVal/CMSSW_10_5_x/DQM_V0001_R000000001__RelValZTT_13__CMSSW_10_5_0_pre2-PUpmx25ns_105X_upgrade2018_realistic_v2-v1__DQMIO.root
[2019-04-15 16:13:50,004][INFO] Using file name DQM_V0001_R000000001__RelValZTT_13__CMSSW_10_5_0_pre2-PUpmx25ns_105X_upgrade2018_realistic_v2-v1__DQMIO.root for /dqm/relval/data/browse/ROOT/RelVal/CMSSW_10_5_x/DQM_V0001_R000000001__RelValZTT_13__CMSSW_10_5_0_pre2-PUpmx25ns_105X_upgrade2018_realistic_v2-v1__DQMIO.root
[2019-04-15 16:13:54,559][INFO] Will try to GET /reqmgr2/data/request?name=nwickram_RVCMSSW_10_5_0_pre2ZEE_13_PU25ns__FastSim_190223_163240_1511
[2019-04-15 16:13:54,734][INFO] Will try to GET /dqm/relval/data/browse/ROOT/RelVal/CMSSW_10_5_x/
[2019-04-15 16:13:54,737][INFO] Dataset URL /dqm/relval/data/browse/ROOT/RelVal/CMSSW_10_5_x/DQM_V0001_R000000001__RelValZEE_13__CMSSW_10_5_0_pre2-PU25ns_105X_upgrade2018_realistic_v2_FastSim-v1__DQMIO.root for nwickram_RVCMSSW_10_5_0_pre2ZEE_13_PU25ns__FastSim_190223_163240_1511
[2019-04-15 16:13:55,775][INFO] Will try to download file /dqm/relval/data/browse/ROOT/RelVal/CMSSW_10_5_x/DQM_V0001_R000000001__RelValZEE_13__CMSSW_10_5_0_pre2-PU25ns_105X_upgrade2018_realistic_v2_FastSim-v1__DQMIO.root
[2019-04-15 16:13:55,776][INFO] Using file name DQM_V0001_R000000001__RelValZEE_13__CMSSW_10_5_0_pre2-PU25ns_105X_upgrade2018_realistic_v2_FastSim-v1__DQMIO.root for /dqm/relval/data/browse/ROOT/RelVal/CMSSW_10_5_x/DQM_V0001_R000000001__RelValZEE_13__CMSSW_10_5_0_pre2-PU25ns_105X_upgrade2018_realistic_v2_FastSim-v1__DQMIO.root
[2019-04-15 16:13:57,739][INFO] Will try to GET /reqmgr2/data/request?name=nwickram_RVCMSSW_10_5_0_pre2ZMM_13_PU25ns__FastSim_190223_163219_6135
[2019-04-15 16:13:57,840][INFO] Will try to GET /dqm/relval/data/browse/ROOT/RelVal/CMSSW_10_5_x/
[2019-04-15 16:13:57,844][INFO] Dataset URL /dqm/relval/data/browse/ROOT/RelVal/CMSSW_10_5_x/DQM_V0001_R000000001__RelValZMM_13__CMSSW_10_5_0_pre2-PU25ns_105X_upgrade2018_realistic_v2_FastSim-v1__DQMIO.root for nwickram_RVCMSSW_10_5_0_pre2ZMM_13_PU25ns__FastSim_190223_163219_6135
[2019-04-15 16:13:58,880][INFO] Will try to download file /dqm/relval/data/browse/ROOT/RelVal/CMSSW_10_5_x/DQM_V0001_R000000001__RelValZMM_13__CMSSW_10_5_0_pre2-PU25ns_105X_upgrade2018_realistic_v2_FastSim-v1__DQMIO.root
[2019-04-15 16:13:58,880][INFO] Using file name DQM_V0001_R000000001__RelValZMM_13__CMSSW_10_5_0_pre2-PU25ns_105X_upgrade2018_realistic_v2_FastSim-v1__DQMIO.root for /dqm/relval/data/browse/ROOT/RelVal/CMSSW_10_5_x/DQM_V0001_R000000001__RelValZMM_13__CMSSW_10_5_0_pre2-PU25ns_105X_upgrade2018_realistic_v2_FastSim-v1__DQMIO.root
[2019-04-15 16:14:00,869][INFO] Will try to GET /reqmgr2/data/request?name=nwickram_RVCMSSW_10_5_0_pre2ZTT_13_PU25ns__FastSim_190223_163209_5526
[2019-04-15 16:14:01,054][INFO] Will try to GET /dqm/relval/data/browse/ROOT/RelVal/CMSSW_10_5_x/
[2019-04-15 16:14:01,057][INFO] Dataset URL /dqm/relval/data/browse/ROOT/RelVal/CMSSW_10_5_x/DQM_V0001_R000000001__RelValZTT_13__CMSSW_10_5_0_pre2-PU25ns_105X_upgrade2018_realistic_v2_FastSim-v1__DQMIO.root for nwickram_RVCMSSW_10_5_0_pre2ZTT_13_PU25ns__FastSim_190223_163209_5526
[2019-04-15 16:14:02,092][INFO] Will try to download file /dqm/relval/data/browse/ROOT/RelVal/CMSSW_10_5_x/DQM_V0001_R000000001__RelValZTT_13__CMSSW_10_5_0_pre2-PU25ns_105X_upgrade2018_realistic_v2_FastSim-v1__DQMIO.root
[2019-04-15 16:14:02,093][INFO] Using file name DQM_V0001_R000000001__RelValZTT_13__CMSSW_10_5_0_pre2-PU25ns_105X_upgrade2018_realistic_v2_FastSim-v1__DQMIO.root for /dqm/relval/data/browse/ROOT/RelVal/CMSSW_10_5_x/DQM_V0001_R000000001__RelValZTT_13__CMSSW_10_5_0_pre2-PU25ns_105X_upgrade2018_realistic_v2_FastSim-v1__DQMIO.root
[2019-04-15 16:14:04,010][INFO] Will try to GET /reqmgr2/data/request?name=nwickram_RVCMSSW_10_5_0_pre2H125GGgluonfusion_13_PU25ns__FastSim_190223_163223_2419
[2019-04-15 16:14:04,132][INFO] Will try to GET /dqm/relval/data/browse/ROOT/RelVal/CMSSW_10_5_x/
[2019-04-15 16:14:04,135][INFO] Dataset URL /dqm/relval/data/browse/ROOT/RelVal/CMSSW_10_5_x/DQM_V0001_R000000001__RelValH125GGgluonfusion_13__CMSSW_10_5_0_pre2-PU25ns_105X_upgrade2018_realistic_v2_FastSim-v1__DQMIO.root for nwickram_RVCMSSW_10_5_0_pre2H125GGgluonfusion_13_PU25ns__FastSim_190223_163223_2419
[2019-04-15 16:14:05,172][INFO] Will try to download file /dqm/relval/data/browse/ROOT/RelVal/CMSSW_10_5_x/DQM_V0001_R000000001__RelValH125GGgluonfusion_13__CMSSW_10_5_0_pre2-PU25ns_105X_upgrade2018_realistic_v2_FastSim-v1__DQMIO.root
[2019-04-15 16:14:05,173][INFO] Using file name DQM_V0001_R000000001__RelValH125GGgluonfusion_13__CMSSW_10_5_0_pre2-PU25ns_105X_upgrade2018_realistic_v2_FastSim-v1__DQMIO.root for /dqm/relval/data/browse/ROOT/RelVal/CMSSW_10_5_x/DQM_V0001_R000000001__RelValH125GGgluonfusion_13__CMSSW_10_5_0_pre2-PU25ns_105X_upgrade2018_realistic_v2_FastSim-v1__DQMIO.root
[2019-04-15 16:14:07,196][INFO] Will try to GET /reqmgr2/data/request?name=nwickram_RVCMSSW_10_5_0_pre2NuGun_UP18_PU25ns__FastSim_190223_163230_2043
[2019-04-15 16:14:07,294][INFO] Will try to GET /dqm/relval/data/browse/ROOT/RelVal/CMSSW_10_5_x/
[2019-04-15 16:14:07,297][INFO] Dataset URL /dqm/relval/data/browse/ROOT/RelVal/CMSSW_10_5_x/DQM_V0001_R000000001__RelValNuGun_UP18__CMSSW_10_5_0_pre2-PU25ns_105X_upgrade2018_realistic_v2_FastSim-v1__DQMIO.root for nwickram_RVCMSSW_10_5_0_pre2NuGun_UP18_PU25ns__FastSim_190223_163230_2043
[2019-04-15 16:14:08,333][INFO] Will try to download file /dqm/relval/data/browse/ROOT/RelVal/CMSSW_10_5_x/DQM_V0001_R000000001__RelValNuGun_UP18__CMSSW_10_5_0_pre2-PU25ns_105X_upgrade2018_realistic_v2_FastSim-v1__DQMIO.root
[2019-04-15 16:14:08,334][INFO] Using file name DQM_V0001_R000000001__RelValNuGun_UP18__CMSSW_10_5_0_pre2-PU25ns_105X_upgrade2018_realistic_v2_FastSim-v1__DQMIO.root for /dqm/relval/data/browse/ROOT/RelVal/CMSSW_10_5_x/DQM_V0001_R000000001__RelValNuGun_UP18__CMSSW_10_5_0_pre2-PU25ns_105X_upgrade2018_realistic_v2_FastSim-v1__DQMIO.root
[2019-04-15 16:14:10,003][INFO] Will try to GET /reqmgr2/data/request?name=nwickram_RVCMSSW_10_5_0_pre2QCD_FlatPt_15_3000HS_13_PU25ns__FastSim_190223_163236_3435
[2019-04-15 16:14:10,154][INFO] Will try to GET /dqm/relval/data/browse/ROOT/RelVal/CMSSW_10_5_x/
[2019-04-15 16:14:10,157][INFO] Dataset URL /dqm/relval/data/browse/ROOT/RelVal/CMSSW_10_5_x/DQM_V0001_R000000001__RelValQCD_FlatPt_15_3000HS_13__CMSSW_10_5_0_pre2-PU25ns_105X_upgrade2018_realistic_v2_FastSim-v1__DQMIO.root for nwickram_RVCMSSW_10_5_0_pre2QCD_FlatPt_15_3000HS_13_PU25ns__FastSim_190223_163236_3435
[2019-04-15 16:14:11,194][INFO] Will try to download file /dqm/relval/data/browse/ROOT/RelVal/CMSSW_10_5_x/DQM_V0001_R000000001__RelValQCD_FlatPt_15_3000HS_13__CMSSW_10_5_0_pre2-PU25ns_105X_upgrade2018_realistic_v2_FastSim-v1__DQMIO.root
[2019-04-15 16:14:11,194][INFO] Using file name DQM_V0001_R000000001__RelValQCD_FlatPt_15_3000HS_13__CMSSW_10_5_0_pre2-PU25ns_105X_upgrade2018_realistic_v2_FastSim-v1__DQMIO.root for /dqm/relval/data/browse/ROOT/RelVal/CMSSW_10_5_x/DQM_V0001_R000000001__RelValQCD_FlatPt_15_3000HS_13__CMSSW_10_5_0_pre2-PU25ns_105X_upgrade2018_realistic_v2_FastSim-v1__DQMIO.root
[2019-04-15 16:14:13,211][INFO] Will try to GET /reqmgr2/data/request?name=nwickram_RVCMSSW_10_5_0_pre2SMS-T1tttt_mGl-1500_mLSP-100_13_PU25ns__FastSim_190223_163226_6722
[2019-04-15 16:14:13,312][INFO] Will try to GET /dqm/relval/data/browse/ROOT/RelVal/CMSSW_10_5_x/
[2019-04-15 16:14:13,316][INFO] Dataset URL /dqm/relval/data/browse/ROOT/RelVal/CMSSW_10_5_x/DQM_V0001_R000000001__RelValSMS-T1tttt_mGl-1500_mLSP-100_13__CMSSW_10_5_0_pre2-PU25ns_105X_upgrade2018_realistic_v2_FastSim-v1__DQMIO.root for nwickram_RVCMSSW_10_5_0_pre2SMS-T1tttt_mGl-1500_mLSP-100_13_PU25ns__FastSim_190223_163226_6722
[2019-04-15 16:14:14,352][INFO] Will try to download file /dqm/relval/data/browse/ROOT/RelVal/CMSSW_10_5_x/DQM_V0001_R000000001__RelValSMS-T1tttt_mGl-1500_mLSP-100_13__CMSSW_10_5_0_pre2-PU25ns_105X_upgrade2018_realistic_v2_FastSim-v1__DQMIO.root
[2019-04-15 16:14:14,353][INFO] Using file name DQM_V0001_R000000001__RelValSMS-T1tttt_mGl-1500_mLSP-100_13__CMSSW_10_5_0_pre2-PU25ns_105X_upgrade2018_realistic_v2_FastSim-v1__DQMIO.root for /dqm/relval/data/browse/ROOT/RelVal/CMSSW_10_5_x/DQM_V0001_R000000001__RelValSMS-T1tttt_mGl-1500_mLSP-100_13__CMSSW_10_5_0_pre2-PU25ns_105X_upgrade2018_realistic_v2_FastSim-v1__DQMIO.root
[2019-04-15 16:14:16,353][INFO] Will try to GET /reqmgr2/data/request?name=nwickram_RVCMSSW_10_5_0_pre2ZEE_13_PUpmx25ns__FastSim_190226_152133_5575
[2019-04-15 16:14:16,488][INFO] Will try to GET /dqm/relval/data/browse/ROOT/RelVal/CMSSW_10_5_x/
[2019-04-15 16:14:16,491][INFO] Dataset URL /dqm/relval/data/browse/ROOT/RelVal/CMSSW_10_5_x/DQM_V0001_R000000001__RelValZEE_13__CMSSW_10_5_0_pre2-PUpmx25ns_105X_upgrade2018_realistic_v2_FastSim-v1__DQMIO.root for nwickram_RVCMSSW_10_5_0_pre2ZEE_13_PUpmx25ns__FastSim_190226_152133_5575
[2019-04-15 16:14:17,530][INFO] Will try to download file /dqm/relval/data/browse/ROOT/RelVal/CMSSW_10_5_x/DQM_V0001_R000000001__RelValZEE_13__CMSSW_10_5_0_pre2-PUpmx25ns_105X_upgrade2018_realistic_v2_FastSim-v1__DQMIO.root
[2019-04-15 16:14:17,530][INFO] Using file name DQM_V0001_R000000001__RelValZEE_13__CMSSW_10_5_0_pre2-PUpmx25ns_105X_upgrade2018_realistic_v2_FastSim-v1__DQMIO.root for /dqm/relval/data/browse/ROOT/RelVal/CMSSW_10_5_x/DQM_V0001_R000000001__RelValZEE_13__CMSSW_10_5_0_pre2-PUpmx25ns_105X_upgrade2018_realistic_v2_FastSim-v1__DQMIO.root
[2019-04-15 16:14:19,404][INFO] Will try to GET /reqmgr2/data/request?name=nwickram_RVCMSSW_10_5_0_pre2ZMM_13_PUpmx25ns__FastSim_190226_152137_6232
[2019-04-15 16:14:19,516][INFO] Will try to GET /dqm/relval/data/browse/ROOT/RelVal/CMSSW_10_5_x/
[2019-04-15 16:14:19,519][INFO] Dataset URL /dqm/relval/data/browse/ROOT/RelVal/CMSSW_10_5_x/DQM_V0001_R000000001__RelValZMM_13__CMSSW_10_5_0_pre2-PUpmx25ns_105X_upgrade2018_realistic_v2_FastSim-v1__DQMIO.root for nwickram_RVCMSSW_10_5_0_pre2ZMM_13_PUpmx25ns__FastSim_190226_152137_6232
[2019-04-15 16:14:20,555][INFO] Will try to download file /dqm/relval/data/browse/ROOT/RelVal/CMSSW_10_5_x/DQM_V0001_R000000001__RelValZMM_13__CMSSW_10_5_0_pre2-PUpmx25ns_105X_upgrade2018_realistic_v2_FastSim-v1__DQMIO.root
[2019-04-15 16:14:20,555][INFO] Using file name DQM_V0001_R000000001__RelValZMM_13__CMSSW_10_5_0_pre2-PUpmx25ns_105X_upgrade2018_realistic_v2_FastSim-v1__DQMIO.root for /dqm/relval/data/browse/ROOT/RelVal/CMSSW_10_5_x/DQM_V0001_R000000001__RelValZMM_13__CMSSW_10_5_0_pre2-PUpmx25ns_105X_upgrade2018_realistic_v2_FastSim-v1__DQMIO.root
[2019-04-15 16:14:22,493][INFO] Will try to GET /reqmgr2/data/request?name=nwickram_RVCMSSW_10_5_0_pre2ZTT_13_PUpmx25ns__FastSim_190226_152142_4060
[2019-04-15 16:14:22,631][INFO] Will try to GET /dqm/relval/data/browse/ROOT/RelVal/CMSSW_10_5_x/
[2019-04-15 16:14:22,635][INFO] Dataset URL /dqm/relval/data/browse/ROOT/RelVal/CMSSW_10_5_x/DQM_V0001_R000000001__RelValZTT_13__CMSSW_10_5_0_pre2-PUpmx25ns_105X_upgrade2018_realistic_v2_FastSim-v1__DQMIO.root for nwickram_RVCMSSW_10_5_0_pre2ZTT_13_PUpmx25ns__FastSim_190226_152142_4060
[2019-04-15 16:14:23,670][INFO] Will try to download file /dqm/relval/data/browse/ROOT/RelVal/CMSSW_10_5_x/DQM_V0001_R000000001__RelValZTT_13__CMSSW_10_5_0_pre2-PUpmx25ns_105X_upgrade2018_realistic_v2_FastSim-v1__DQMIO.root
[2019-04-15 16:14:23,671][INFO] Using file name DQM_V0001_R000000001__RelValZTT_13__CMSSW_10_5_0_pre2-PUpmx25ns_105X_upgrade2018_realistic_v2_FastSim-v1__DQMIO.root for /dqm/relval/data/browse/ROOT/RelVal/CMSSW_10_5_x/DQM_V0001_R000000001__RelValZTT_13__CMSSW_10_5_0_pre2-PUpmx25ns_105X_upgrade2018_realistic_v2_FastSim-v1__DQMIO.root
[2019-04-15 16:14:25,499][INFO] Will try to GET /reqmgr2/data/request?name=nwickram_RVCMSSW_10_5_0_pre2H125GGgluonfusion_13_PUpmx25ns__FastSim_190226_152146_7018
[2019-04-15 16:14:25,624][INFO] Will try to GET /dqm/relval/data/browse/ROOT/RelVal/CMSSW_10_5_x/
[2019-04-15 16:14:25,627][INFO] Dataset URL /dqm/relval/data/browse/ROOT/RelVal/CMSSW_10_5_x/DQM_V0001_R000000001__RelValH125GGgluonfusion_13__CMSSW_10_5_0_pre2-PUpmx25ns_105X_upgrade2018_realistic_v2_FastSim-v1__DQMIO.root for nwickram_RVCMSSW_10_5_0_pre2H125GGgluonfusion_13_PUpmx25ns__FastSim_190226_152146_7018
[2019-04-15 16:14:26,665][INFO] Will try to download file /dqm/relval/data/browse/ROOT/RelVal/CMSSW_10_5_x/DQM_V0001_R000000001__RelValH125GGgluonfusion_13__CMSSW_10_5_0_pre2-PUpmx25ns_105X_upgrade2018_realistic_v2_FastSim-v1__DQMIO.root
[2019-04-15 16:14:26,665][INFO] Using file name DQM_V0001_R000000001__RelValH125GGgluonfusion_13__CMSSW_10_5_0_pre2-PUpmx25ns_105X_upgrade2018_realistic_v2_FastSim-v1__DQMIO.root for /dqm/relval/data/browse/ROOT/RelVal/CMSSW_10_5_x/DQM_V0001_R000000001__RelValH125GGgluonfusion_13__CMSSW_10_5_0_pre2-PUpmx25ns_105X_upgrade2018_realistic_v2_FastSim-v1__DQMIO.root
[2019-04-15 16:14:28,658][INFO] Will try to GET /reqmgr2/data/request?name=nwickram_RVCMSSW_10_5_0_pre2NuGun_UP18_PUpmx25ns__FastSim_190226_152149_9182
[2019-04-15 16:14:28,756][INFO] Will try to GET /dqm/relval/data/browse/ROOT/RelVal/CMSSW_10_5_x/
[2019-04-15 16:14:28,760][INFO] Dataset URL /dqm/relval/data/browse/ROOT/RelVal/CMSSW_10_5_x/DQM_V0001_R000000001__RelValNuGun_UP18__CMSSW_10_5_0_pre2-PUpmx25ns_105X_upgrade2018_realistic_v2_FastSim-v1__DQMIO.root for nwickram_RVCMSSW_10_5_0_pre2NuGun_UP18_PUpmx25ns__FastSim_190226_152149_9182
[2019-04-15 16:14:29,798][INFO] Will try to download file /dqm/relval/data/browse/ROOT/RelVal/CMSSW_10_5_x/DQM_V0001_R000000001__RelValNuGun_UP18__CMSSW_10_5_0_pre2-PUpmx25ns_105X_upgrade2018_realistic_v2_FastSim-v1__DQMIO.root
[2019-04-15 16:14:29,802][INFO] Using file name DQM_V0001_R000000001__RelValNuGun_UP18__CMSSW_10_5_0_pre2-PUpmx25ns_105X_upgrade2018_realistic_v2_FastSim-v1__DQMIO.root for /dqm/relval/data/browse/ROOT/RelVal/CMSSW_10_5_x/DQM_V0001_R000000001__RelValNuGun_UP18__CMSSW_10_5_0_pre2-PUpmx25ns_105X_upgrade2018_realistic_v2_FastSim-v1__DQMIO.root
[2019-04-15 16:14:31,391][INFO] Will try to GET /reqmgr2/data/request?name=nwickram_RVCMSSW_10_5_0_pre2QCD_FlatPt_15_3000HS_13_PUpmx25ns__FastSim_190226_152153_9364
[2019-04-15 16:14:31,524][INFO] Will try to GET /dqm/relval/data/browse/ROOT/RelVal/CMSSW_10_5_x/
[2019-04-15 16:14:31,527][INFO] Dataset URL /dqm/relval/data/browse/ROOT/RelVal/CMSSW_10_5_x/DQM_V0001_R000000001__RelValQCD_FlatPt_15_3000HS_13__CMSSW_10_5_0_pre2-PUpmx25ns_105X_upgrade2018_realistic_v2_FastSim-v1__DQMIO.root for nwickram_RVCMSSW_10_5_0_pre2QCD_FlatPt_15_3000HS_13_PUpmx25ns__FastSim_190226_152153_9364
[2019-04-15 16:14:32,564][INFO] Will try to download file /dqm/relval/data/browse/ROOT/RelVal/CMSSW_10_5_x/DQM_V0001_R000000001__RelValQCD_FlatPt_15_3000HS_13__CMSSW_10_5_0_pre2-PUpmx25ns_105X_upgrade2018_realistic_v2_FastSim-v1__DQMIO.root
[2019-04-15 16:14:32,564][INFO] Using file name DQM_V0001_R000000001__RelValQCD_FlatPt_15_3000HS_13__CMSSW_10_5_0_pre2-PUpmx25ns_105X_upgrade2018_realistic_v2_FastSim-v1__DQMIO.root for /dqm/relval/data/browse/ROOT/RelVal/CMSSW_10_5_x/DQM_V0001_R000000001__RelValQCD_FlatPt_15_3000HS_13__CMSSW_10_5_0_pre2-PUpmx25ns_105X_upgrade2018_realistic_v2_FastSim-v1__DQMIO.root
[2019-04-15 16:14:34,493][INFO] Will try to GET /reqmgr2/data/request?name=nwickram_RVCMSSW_10_5_0_pre2SMS-T1tttt_mGl-1500_mLSP-100_13_PUpmx25ns__FastSim_190226_152157_2540
[2019-04-15 16:14:34,599][INFO] Will try to GET /dqm/relval/data/browse/ROOT/RelVal/CMSSW_10_5_x/
[2019-04-15 16:14:34,603][INFO] Dataset URL /dqm/relval/data/browse/ROOT/RelVal/CMSSW_10_5_x/DQM_V0001_R000000001__RelValSMS-T1tttt_mGl-1500_mLSP-100_13__CMSSW_10_5_0_pre2-PUpmx25ns_105X_upgrade2018_realistic_v2_FastSim-v1__DQMIO.root for nwickram_RVCMSSW_10_5_0_pre2SMS-T1tttt_mGl-1500_mLSP-100_13_PUpmx25ns__FastSim_190226_152157_2540
[2019-04-15 16:14:35,639][INFO] Will try to download file /dqm/relval/data/browse/ROOT/RelVal/CMSSW_10_5_x/DQM_V0001_R000000001__RelValSMS-T1tttt_mGl-1500_mLSP-100_13__CMSSW_10_5_0_pre2-PUpmx25ns_105X_upgrade2018_realistic_v2_FastSim-v1__DQMIO.root
[2019-04-15 16:14:35,640][INFO] Using file name DQM_V0001_R000000001__RelValSMS-T1tttt_mGl-1500_mLSP-100_13__CMSSW_10_5_0_pre2-PUpmx25ns_105X_upgrade2018_realistic_v2_FastSim-v1__DQMIO.root for /dqm/relval/data/browse/ROOT/RelVal/CMSSW_10_5_x/DQM_V0001_R000000001__RelValSMS-T1tttt_mGl-1500_mLSP-100_13__CMSSW_10_5_0_pre2-PUpmx25ns_105X_upgrade2018_realistic_v2_FastSim-v1__DQMIO.root
[2019-04-15 16:14:37,590][INFO] {
  "categories": [
    {
      "HLT": "no",
      "automatic_pairing": true,
      "name": "FullSim_PU",
      "reference": [
        {
          "file_name": "DQM_V0001_R000000001__RelValZMM_13__CMSSW_10_5_0_pre2-PU25ns_105X_upgrade2018_realistic_v2_rsb-v1__DQMIO.root",
          "file_size": 198794314,
          "file_url": "/dqm/relval/data/browse/ROOT/RelVal/CMSSW_10_5_x/DQM_V0001_R000000001__RelValZMM_13__CMSSW_10_5_0_pre2-PU25ns_105X_upgrade2018_realistic_v2_rsb-v1__DQMIO.root",
          "name": "chayanit_RVCMSSW_10_5_0_pre2ZMM_13_PU25ns__rsb_190301_174933_1743",
          "status": "downloaded"
        },
        {
          "file_name": "DQM_V0001_R000000001__RelValTTbar_13__CMSSW_10_5_0_pre2-PU25ns_105X_upgrade2018_realistic_v2_rsb-v1__DQMIO.root",
          "file_size": 207343589,
          "file_url": "/dqm/relval/data/browse/ROOT/RelVal/CMSSW_10_5_x/DQM_V0001_R000000001__RelValTTbar_13__CMSSW_10_5_0_pre2-PU25ns_105X_upgrade2018_realistic_v2_rsb-v1__DQMIO.root",
          "name": "chayanit_RVCMSSW_10_5_0_pre2TTbar_13_PU25ns__rsb_190301_174927_2163",
          "status": "downloaded"
        },
        {
          "file_name": "DQM_V0001_R000000001__RelValH125GGgluonfusion_13__CMSSW_10_5_0_pre2-PU25ns_105X_upgrade2018_realistic_v2_rsb-v1__DQMIO.root",
          "file_size": 198173108,
          "file_url": "/dqm/relval/data/browse/ROOT/RelVal/CMSSW_10_5_x/DQM_V0001_R000000001__RelValH125GGgluonfusion_13__CMSSW_10_5_0_pre2-PU25ns_105X_upgrade2018_realistic_v2_rsb-v1__DQMIO.root",
          "name": "chayanit_RVCMSSW_10_5_0_pre2H125GGgluonfusion_13_PU25ns__rsb_190301_174943_6003",
          "status": "downloaded"
        },
        {
          "file_name": "DQM_V0001_R000000001__RelValQQH1352T_13__CMSSW_10_5_0_pre2-PU25ns_105X_upgrade2018_realistic_v2_rsb-v1__DQMIO.root",
          "file_size": 202390947,
          "file_url": "/dqm/relval/data/browse/ROOT/RelVal/CMSSW_10_5_x/DQM_V0001_R000000001__RelValQQH1352T_13__CMSSW_10_5_0_pre2-PU25ns_105X_upgrade2018_realistic_v2_rsb-v1__DQMIO.root",
          "name": "chayanit_RVCMSSW_10_5_0_pre2QQH1352T_13_PU25ns__rsb_190301_175024_3505",
          "status": "downloaded"
        },
        {
          "file_name": "DQM_V0001_R000000001__RelValNuGun__CMSSW_10_5_0_pre2-PU25ns_105X_upgrade2018_realistic_v2_rsb-v1__DQMIO.root",
          "file_size": 171512676,
          "file_url": "/dqm/relval/data/browse/ROOT/RelVal/CMSSW_10_5_x/DQM_V0001_R000000001__RelValNuGun__CMSSW_10_5_0_pre2-PU25ns_105X_upgrade2018_realistic_v2_rsb-v1__DQMIO.root",
          "name": "chayanit_RVCMSSW_10_5_0_pre2NuGun_PU25ns__rsb_190301_175009_6260",
          "status": "downloaded"
        },
        {
          "file_name": "DQM_V0001_R000000001__RelValZEE_13__CMSSW_10_5_0_pre2-PU25ns_105X_upgrade2018_realistic_v2_rsb-v1__DQMIO.root",
          "file_size": 193866886,
          "file_url": "/dqm/relval/data/browse/ROOT/RelVal/CMSSW_10_5_x/DQM_V0001_R000000001__RelValZEE_13__CMSSW_10_5_0_pre2-PU25ns_105X_upgrade2018_realistic_v2_rsb-v1__DQMIO.root",
          "name": "chayanit_RVCMSSW_10_5_0_pre2ZEE_13_PU25ns__rsb_190301_175004_4760",
          "status": "downloaded"
        },
        {
          "file_name": "DQM_V0001_R000000001__RelValSMS-T1tttt_mGl-1500_mLSP-100_13__CMSSW_10_5_0_pre2-PU25ns_105X_upgrade2018_realistic_v2_rsb-v1__DQMIO.root",
          "file_size": 215895664,
          "file_url": "/dqm/relval/data/browse/ROOT/RelVal/CMSSW_10_5_x/DQM_V0001_R000000001__RelValSMS-T1tttt_mGl-1500_mLSP-100_13__CMSSW_10_5_0_pre2-PU25ns_105X_upgrade2018_realistic_v2_rsb-v1__DQMIO.root",
          "name": "chayanit_RVCMSSW_10_5_0_pre2SMS-T1tttt_mGl-1500_mLSP-100_13_PU25ns__rsb_190301_175030_7874",
          "status": "downloaded"
        },
        {
          "file_name": "DQM_V0001_R000000001__RelValZTT_13__CMSSW_10_5_0_pre2-PU25ns_105X_upgrade2018_realistic_v2_rsb-v1__DQMIO.root",
          "file_size": 190594087,
          "file_url": "/dqm/relval/data/browse/ROOT/RelVal/CMSSW_10_5_x/DQM_V0001_R000000001__RelValZTT_13__CMSSW_10_5_0_pre2-PU25ns_105X_upgrade2018_realistic_v2_rsb-v1__DQMIO.root",
          "name": "chayanit_RVCMSSW_10_5_0_pre2ZTT_13_PU25ns__rsb_190301_175018_9215",
          "status": "downloaded"
        }
      ],
      "status": "initial",
      "target": [
        {
          "file_name": "DQM_V0001_R000000001__RelValZMM_13__CMSSW_10_5_0_pre2-PUpmx25ns_105X_upgrade2018_realistic_v2-v1__DQMIO.root",
          "file_size": 198308922,
          "file_url": "/dqm/relval/data/browse/ROOT/RelVal/CMSSW_10_5_x/DQM_V0001_R000000001__RelValZMM_13__CMSSW_10_5_0_pre2-PUpmx25ns_105X_upgrade2018_realistic_v2-v1__DQMIO.root",
          "name": "chayanit_RVCMSSW_10_5_0_pre2ZMM_13UP18_PUpmx25ns__190304_032111_2342",
          "status": "downloaded"
        },
        {
          "file_name": "DQM_V0001_R000000001__RelValTTbar_13__CMSSW_10_5_0_pre2-PUpmx25ns_105X_upgrade2018_realistic_v2-v1__DQMIO.root",
          "file_size": 206333572,
          "file_url": "/dqm/relval/data/browse/ROOT/RelVal/CMSSW_10_5_x/DQM_V0001_R000000001__RelValTTbar_13__CMSSW_10_5_0_pre2-PUpmx25ns_105X_upgrade2018_realistic_v2-v1__DQMIO.root",
          "name": "chayanit_RVCMSSW_10_5_0_pre2TTbar_13UP18_PUpmx25ns__190304_032127_9125",
          "status": "downloaded"
        },
        {
          "file_name": "DQM_V0001_R000000001__RelValH125GGgluonfusion_13__CMSSW_10_5_0_pre2-PUpmx25ns_105X_upgrade2018_realistic_v2-v1__DQMIO.root",
          "file_size": 197229863,
          "file_url": "/dqm/relval/data/browse/ROOT/RelVal/CMSSW_10_5_x/DQM_V0001_R000000001__RelValH125GGgluonfusion_13__CMSSW_10_5_0_pre2-PUpmx25ns_105X_upgrade2018_realistic_v2-v1__DQMIO.root",
          "name": "chayanit_RVCMSSW_10_5_0_pre2H125GGgluonfusion_13UP18_PUpmx25ns__190304_032131_7603",
          "status": "downloaded"
        },
        {
          "file_name": "DQM_V0001_R000000001__RelValQQH1352T_13__CMSSW_10_5_0_pre2-PUpmx25ns_105X_upgrade2018_realistic_v2-v1__DQMIO.root",
          "file_size": 202148254,
          "file_url": "/dqm/relval/data/browse/ROOT/RelVal/CMSSW_10_5_x/DQM_V0001_R000000001__RelValQQH1352T_13__CMSSW_10_5_0_pre2-PUpmx25ns_105X_upgrade2018_realistic_v2-v1__DQMIO.root",
          "name": "chayanit_RVCMSSW_10_5_0_pre2QQH1352T_13UP18_PUpmx25ns__190304_032137_711",
          "status": "downloaded"
        },
        {
          "file_name": "DQM_V0001_R000000001__RelValNuGun__CMSSW_10_5_0_pre2-PUpmx25ns_105X_upgrade2018_realistic_v2-v1__DQMIO.root",
          "file_size": 169809343,
          "file_url": "/dqm/relval/data/browse/ROOT/RelVal/CMSSW_10_5_x/DQM_V0001_R000000001__RelValNuGun__CMSSW_10_5_0_pre2-PUpmx25ns_105X_upgrade2018_realistic_v2-v1__DQMIO.root",
          "name": "chayanit_RVCMSSW_10_5_0_pre2NuGun_UP18_PUpmx25ns__190304_032140_9399",
          "status": "downloaded"
        },
        {
          "file_name": "DQM_V0001_R000000001__RelValZEE_13__CMSSW_10_5_0_pre2-PUpmx25ns_105X_upgrade2018_realistic_v2-v1__DQMIO.root",
          "file_size": 193038560,
          "file_url": "/dqm/relval/data/browse/ROOT/RelVal/CMSSW_10_5_x/DQM_V0001_R000000001__RelValZEE_13__CMSSW_10_5_0_pre2-PUpmx25ns_105X_upgrade2018_realistic_v2-v1__DQMIO.root",
          "name": "chayanit_RVCMSSW_10_5_0_pre2ZEE_13UP18_PUpmx25ns__190304_032144_2672",
          "status": "downloaded"
        },
        {
          "file_name": "DQM_V0001_R000000001__RelValSMS-T1tttt_mGl-1500_mLSP-100_13__CMSSW_10_5_0_pre2-PUpmx25ns_105X_upgrade2018_realistic_v2-v1__DQMIO.root",
          "file_size": 214908353,
          "file_url": "/dqm/relval/data/browse/ROOT/RelVal/CMSSW_10_5_x/DQM_V0001_R000000001__RelValSMS-T1tttt_mGl-1500_mLSP-100_13__CMSSW_10_5_0_pre2-PUpmx25ns_105X_upgrade2018_realistic_v2-v1__DQMIO.root",
          "name": "chayanit_RVCMSSW_10_5_0_pre2SMS-T1tttt_mGl-1500_mLSP-100_13UP18_PUpmx25ns__190304_032147_8707",
          "status": "downloaded"
        },
        {
          "file_name": "DQM_V0001_R000000001__RelValZTT_13__CMSSW_10_5_0_pre2-PUpmx25ns_105X_upgrade2018_realistic_v2-v1__DQMIO.root",
          "file_size": 189771884,
          "file_url": "/dqm/relval/data/browse/ROOT/RelVal/CMSSW_10_5_x/DQM_V0001_R000000001__RelValZTT_13__CMSSW_10_5_0_pre2-PUpmx25ns_105X_upgrade2018_realistic_v2-v1__DQMIO.root",
          "name": "chayanit_RVCMSSW_10_5_0_pre2ZTT_13UP18_PUpmx25ns__190304_032150_8937",
          "status": "downloaded"
        }
      ]
    },
    {
      "HLT": "no",
      "automatic_pairing": true,
      "name": "FastSim_PU",
      "reference": [
        {
          "file_name": "DQM_V0001_R000000001__RelValZEE_13__CMSSW_10_5_0_pre2-PU25ns_105X_upgrade2018_realistic_v2_FastSim-v1__DQMIO.root",
          "file_size": 48151775,
          "file_url": "/dqm/relval/data/browse/ROOT/RelVal/CMSSW_10_5_x/DQM_V0001_R000000001__RelValZEE_13__CMSSW_10_5_0_pre2-PU25ns_105X_upgrade2018_realistic_v2_FastSim-v1__DQMIO.root",
          "name": "nwickram_RVCMSSW_10_5_0_pre2ZEE_13_PU25ns__FastSim_190223_163240_1511",
          "status": "downloaded"
        },
        {
          "file_name": "DQM_V0001_R000000001__RelValZMM_13__CMSSW_10_5_0_pre2-PU25ns_105X_upgrade2018_realistic_v2_FastSim-v1__DQMIO.root",
          "file_size": 47116672,
          "file_url": "/dqm/relval/data/browse/ROOT/RelVal/CMSSW_10_5_x/DQM_V0001_R000000001__RelValZMM_13__CMSSW_10_5_0_pre2-PU25ns_105X_upgrade2018_realistic_v2_FastSim-v1__DQMIO.root",
          "name": "nwickram_RVCMSSW_10_5_0_pre2ZMM_13_PU25ns__FastSim_190223_163219_6135",
          "status": "downloaded"
        },
        {
          "file_name": "DQM_V0001_R000000001__RelValZTT_13__CMSSW_10_5_0_pre2-PU25ns_105X_upgrade2018_realistic_v2_FastSim-v1__DQMIO.root",
          "file_size": 47294112,
          "file_url": "/dqm/relval/data/browse/ROOT/RelVal/CMSSW_10_5_x/DQM_V0001_R000000001__RelValZTT_13__CMSSW_10_5_0_pre2-PU25ns_105X_upgrade2018_realistic_v2_FastSim-v1__DQMIO.root",
          "name": "nwickram_RVCMSSW_10_5_0_pre2ZTT_13_PU25ns__FastSim_190223_163209_5526",
          "status": "downloaded"
        },
        {
          "file_name": "DQM_V0001_R000000001__RelValH125GGgluonfusion_13__CMSSW_10_5_0_pre2-PU25ns_105X_upgrade2018_realistic_v2_FastSim-v1__DQMIO.root",
          "file_size": 48196516,
          "file_url": "/dqm/relval/data/browse/ROOT/RelVal/CMSSW_10_5_x/DQM_V0001_R000000001__RelValH125GGgluonfusion_13__CMSSW_10_5_0_pre2-PU25ns_105X_upgrade2018_realistic_v2_FastSim-v1__DQMIO.root",
          "name": "nwickram_RVCMSSW_10_5_0_pre2H125GGgluonfusion_13_PU25ns__FastSim_190223_163223_2419",
          "status": "downloaded"
        },
        {
          "file_name": "DQM_V0001_R000000001__RelValNuGun_UP18__CMSSW_10_5_0_pre2-PU25ns_105X_upgrade2018_realistic_v2_FastSim-v1__DQMIO.root",
          "file_size": 34344829,
          "file_url": "/dqm/relval/data/browse/ROOT/RelVal/CMSSW_10_5_x/DQM_V0001_R000000001__RelValNuGun_UP18__CMSSW_10_5_0_pre2-PU25ns_105X_upgrade2018_realistic_v2_FastSim-v1__DQMIO.root",
          "name": "nwickram_RVCMSSW_10_5_0_pre2NuGun_UP18_PU25ns__FastSim_190223_163230_2043",
          "status": "downloaded"
        },
        {
          "file_name": "DQM_V0001_R000000001__RelValQCD_FlatPt_15_3000HS_13__CMSSW_10_5_0_pre2-PU25ns_105X_upgrade2018_realistic_v2_FastSim-v1__DQMIO.root",
          "file_size": 49262666,
          "file_url": "/dqm/relval/data/browse/ROOT/RelVal/CMSSW_10_5_x/DQM_V0001_R000000001__RelValQCD_FlatPt_15_3000HS_13__CMSSW_10_5_0_pre2-PU25ns_105X_upgrade2018_realistic_v2_FastSim-v1__DQMIO.root",
          "name": "nwickram_RVCMSSW_10_5_0_pre2QCD_FlatPt_15_3000HS_13_PU25ns__FastSim_190223_163236_3435",
          "status": "downloaded"
        },
        {
          "file_name": "DQM_V0001_R000000001__RelValSMS-T1tttt_mGl-1500_mLSP-100_13__CMSSW_10_5_0_pre2-PU25ns_105X_upgrade2018_realistic_v2_FastSim-v1__DQMIO.root",
          "file_size": 52563038,
          "file_url": "/dqm/relval/data/browse/ROOT/RelVal/CMSSW_10_5_x/DQM_V0001_R000000001__RelValSMS-T1tttt_mGl-1500_mLSP-100_13__CMSSW_10_5_0_pre2-PU25ns_105X_upgrade2018_realistic_v2_FastSim-v1__DQMIO.root",
          "name": "nwickram_RVCMSSW_10_5_0_pre2SMS-T1tttt_mGl-1500_mLSP-100_13_PU25ns__FastSim_190223_163226_6722",
          "status": "downloaded"
        }
      ],
      "status": "initial",
      "target": [
        {
          "file_name": "DQM_V0001_R000000001__RelValZEE_13__CMSSW_10_5_0_pre2-PUpmx25ns_105X_upgrade2018_realistic_v2_FastSim-v1__DQMIO.root",
          "file_size": 44449785,
          "file_url": "/dqm/relval/data/browse/ROOT/RelVal/CMSSW_10_5_x/DQM_V0001_R000000001__RelValZEE_13__CMSSW_10_5_0_pre2-PUpmx25ns_105X_upgrade2018_realistic_v2_FastSim-v1__DQMIO.root",
          "name": "nwickram_RVCMSSW_10_5_0_pre2ZEE_13_PUpmx25ns__FastSim_190226_152133_5575",
          "status": "downloaded"
        },
        {
          "file_name": "DQM_V0001_R000000001__RelValZMM_13__CMSSW_10_5_0_pre2-PUpmx25ns_105X_upgrade2018_realistic_v2_FastSim-v1__DQMIO.root",
          "file_size": 43444659,
          "file_url": "/dqm/relval/data/browse/ROOT/RelVal/CMSSW_10_5_x/DQM_V0001_R000000001__RelValZMM_13__CMSSW_10_5_0_pre2-PUpmx25ns_105X_upgrade2018_realistic_v2_FastSim-v1__DQMIO.root",
          "name": "nwickram_RVCMSSW_10_5_0_pre2ZMM_13_PUpmx25ns__FastSim_190226_152137_6232",
          "status": "downloaded"
        },
        {
          "file_name": "DQM_V0001_R000000001__RelValZTT_13__CMSSW_10_5_0_pre2-PUpmx25ns_105X_upgrade2018_realistic_v2_FastSim-v1__DQMIO.root",
          "file_size": 43621210,
          "file_url": "/dqm/relval/data/browse/ROOT/RelVal/CMSSW_10_5_x/DQM_V0001_R000000001__RelValZTT_13__CMSSW_10_5_0_pre2-PUpmx25ns_105X_upgrade2018_realistic_v2_FastSim-v1__DQMIO.root",
          "name": "nwickram_RVCMSSW_10_5_0_pre2ZTT_13_PUpmx25ns__FastSim_190226_152142_4060",
          "status": "downloaded"
        },
        {
          "file_name": "DQM_V0001_R000000001__RelValH125GGgluonfusion_13__CMSSW_10_5_0_pre2-PUpmx25ns_105X_upgrade2018_realistic_v2_FastSim-v1__DQMIO.root",
          "file_size": 44532907,
          "file_url": "/dqm/relval/data/browse/ROOT/RelVal/CMSSW_10_5_x/DQM_V0001_R000000001__RelValH125GGgluonfusion_13__CMSSW_10_5_0_pre2-PUpmx25ns_105X_upgrade2018_realistic_v2_FastSim-v1__DQMIO.root",
          "name": "nwickram_RVCMSSW_10_5_0_pre2H125GGgluonfusion_13_PUpmx25ns__FastSim_190226_152146_7018",
          "status": "downloaded"
        },
        {
          "file_name": "DQM_V0001_R000000001__RelValNuGun_UP18__CMSSW_10_5_0_pre2-PUpmx25ns_105X_upgrade2018_realistic_v2_FastSim-v1__DQMIO.root",
          "file_size": 28694528,
          "file_url": "/dqm/relval/data/browse/ROOT/RelVal/CMSSW_10_5_x/DQM_V0001_R000000001__RelValNuGun_UP18__CMSSW_10_5_0_pre2-PUpmx25ns_105X_upgrade2018_realistic_v2_FastSim-v1__DQMIO.root",
          "name": "nwickram_RVCMSSW_10_5_0_pre2NuGun_UP18_PUpmx25ns__FastSim_190226_152149_9182",
          "status": "downloaded"
        },
        {
          "file_name": "DQM_V0001_R000000001__RelValQCD_FlatPt_15_3000HS_13__CMSSW_10_5_0_pre2-PUpmx25ns_105X_upgrade2018_realistic_v2_FastSim-v1__DQMIO.root",
          "file_size": 45619277,
          "file_url": "/dqm/relval/data/browse/ROOT/RelVal/CMSSW_10_5_x/DQM_V0001_R000000001__RelValQCD_FlatPt_15_3000HS_13__CMSSW_10_5_0_pre2-PUpmx25ns_105X_upgrade2018_realistic_v2_FastSim-v1__DQMIO.root",
          "name": "nwickram_RVCMSSW_10_5_0_pre2QCD_FlatPt_15_3000HS_13_PUpmx25ns__FastSim_190226_152153_9364",
          "status": "downloaded"
        },
        {
          "file_name": "DQM_V0001_R000000001__RelValSMS-T1tttt_mGl-1500_mLSP-100_13__CMSSW_10_5_0_pre2-PUpmx25ns_105X_upgrade2018_realistic_v2_FastSim-v1__DQMIO.root",
          "file_size": 48805560,
          "file_url": "/dqm/relval/data/browse/ROOT/RelVal/CMSSW_10_5_x/DQM_V0001_R000000001__RelValSMS-T1tttt_mGl-1500_mLSP-100_13__CMSSW_10_5_0_pre2-PUpmx25ns_105X_upgrade2018_realistic_v2_FastSim-v1__DQMIO.root",
          "name": "nwickram_RVCMSSW_10_5_0_pre2SMS-T1tttt_mGl-1500_mLSP-100_13_PUpmx25ns__FastSim_190226_152157_2540",
          "status": "downloaded"
        }
      ]
    }
  ],
  "id": 1555060460,
  "last_update": 1555337339,
  "name": "CMSSW_10_5_0_pre2_pmxvsCMSSW_10_5_0_pre2",
  "secret_hash": "a593eafdf0e0e8bc4bae7c0b0b986ecc",
  "status": "running"
}
[2019-04-15 16:14:37,591][INFO] Category: FullSim_PU
[2019-04-15 16:14:37,591][INFO] HLT: no
[2019-04-15 16:14:37,591][INFO] RelValZMM_13_PU25ns_105X_upgrade2018_realistic_v2_rsb RelValZMM_13_PUpmx25ns_105X_upgrade2018_realistic_v2 -> 0.9333333333333333
[2019-04-15 16:14:37,592][INFO] RelValZMM_13_PU25ns_105X_upgrade2018_realistic_v2_rsb RelValTTbar_13_PUpmx25ns_105X_upgrade2018_realistic_v2 -> 0.8598130841121495
[2019-04-15 16:14:37,592][INFO] RelValZMM_13_PU25ns_105X_upgrade2018_realistic_v2_rsb RelValH125GGgluonfusion_13_PUpmx25ns_105X_upgrade2018_realistic_v2 -> 0.773109243697479
[2019-04-15 16:14:37,592][INFO] RelValZMM_13_PU25ns_105X_upgrade2018_realistic_v2_rsb RelValQQH1352T_13_PUpmx25ns_105X_upgrade2018_realistic_v2 -> 0.8363636363636363
[2019-04-15 16:14:37,592][INFO] RelValZMM_13_PU25ns_105X_upgrade2018_realistic_v2_rsb RelValNuGun_PUpmx25ns_105X_upgrade2018_realistic_v2 -> 0.8269230769230769
[2019-04-15 16:14:37,593][INFO] RelValZMM_13_PU25ns_105X_upgrade2018_realistic_v2_rsb RelValZEE_13_PUpmx25ns_105X_upgrade2018_realistic_v2 -> 0.8952380952380953
[2019-04-15 16:14:37,593][INFO] RelValZMM_13_PU25ns_105X_upgrade2018_realistic_v2_rsb RelValSMS-T1tttt_mGl-1500_mLSP-100_13_PUpmx25ns_105X_upgrade2018_realistic_v2 -> 0.7230769230769231
[2019-04-15 16:14:37,593][INFO] RelValZMM_13_PU25ns_105X_upgrade2018_realistic_v2_rsb RelValZTT_13_PUpmx25ns_105X_upgrade2018_realistic_v2 -> 0.8952380952380953
[2019-04-15 16:14:37,594][INFO] RelValTTbar_13_PU25ns_105X_upgrade2018_realistic_v2_rsb RelValZMM_13_PUpmx25ns_105X_upgrade2018_realistic_v2 -> 0.8598130841121495
[2019-04-15 16:14:37,594][INFO] RelValTTbar_13_PU25ns_105X_upgrade2018_realistic_v2_rsb RelValTTbar_13_PUpmx25ns_105X_upgrade2018_realistic_v2 -> 0.9357798165137615
[2019-04-15 16:14:37,594][INFO] RelValTTbar_13_PU25ns_105X_upgrade2018_realistic_v2_rsb RelValH125GGgluonfusion_13_PUpmx25ns_105X_upgrade2018_realistic_v2 -> 0.7603305785123967
[2019-04-15 16:14:37,594][INFO] RelValTTbar_13_PU25ns_105X_upgrade2018_realistic_v2_rsb RelValQQH1352T_13_PUpmx25ns_105X_upgrade2018_realistic_v2 -> 0.8392857142857143
[2019-04-15 16:14:37,595][INFO] RelValTTbar_13_PU25ns_105X_upgrade2018_realistic_v2_rsb RelValNuGun_PUpmx25ns_105X_upgrade2018_realistic_v2 -> 0.8113207547169812
[2019-04-15 16:14:37,595][INFO] RelValTTbar_13_PU25ns_105X_upgrade2018_realistic_v2_rsb RelValZEE_13_PUpmx25ns_105X_upgrade2018_realistic_v2 -> 0.8598130841121495
[2019-04-15 16:14:37,595][INFO] RelValTTbar_13_PU25ns_105X_upgrade2018_realistic_v2_rsb RelValSMS-T1tttt_mGl-1500_mLSP-100_13_PUpmx25ns_105X_upgrade2018_realistic_v2 -> 0.7121212121212122
[2019-04-15 16:14:37,596][INFO] RelValTTbar_13_PU25ns_105X_upgrade2018_realistic_v2_rsb RelValZTT_13_PUpmx25ns_105X_upgrade2018_realistic_v2 -> 0.897196261682243
[2019-04-15 16:14:37,596][INFO] RelValH125GGgluonfusion_13_PU25ns_105X_upgrade2018_realistic_v2_rsb RelValZMM_13_PUpmx25ns_105X_upgrade2018_realistic_v2 -> 0.773109243697479
[2019-04-15 16:14:37,596][INFO] RelValH125GGgluonfusion_13_PU25ns_105X_upgrade2018_realistic_v2_rsb RelValTTbar_13_PUpmx25ns_105X_upgrade2018_realistic_v2 -> 0.7603305785123967
[2019-04-15 16:14:37,597][INFO] RelValH125GGgluonfusion_13_PU25ns_105X_upgrade2018_realistic_v2_rsb RelValH125GGgluonfusion_13_PUpmx25ns_105X_upgrade2018_realistic_v2 -> 0.9473684210526315
[2019-04-15 16:14:37,597][INFO] RelValH125GGgluonfusion_13_PU25ns_105X_upgrade2018_realistic_v2_rsb RelValQQH1352T_13_PUpmx25ns_105X_upgrade2018_realistic_v2 -> 0.7903225806451613
[2019-04-15 16:14:37,597][INFO] RelValH125GGgluonfusion_13_PU25ns_105X_upgrade2018_realistic_v2_rsb RelValNuGun_PUpmx25ns_105X_upgrade2018_realistic_v2 -> 0.7796610169491526
[2019-04-15 16:14:37,598][INFO] RelValH125GGgluonfusion_13_PU25ns_105X_upgrade2018_realistic_v2_rsb RelValZEE_13_PUpmx25ns_105X_upgrade2018_realistic_v2 -> 0.773109243697479
[2019-04-15 16:14:37,598][INFO] RelValH125GGgluonfusion_13_PU25ns_105X_upgrade2018_realistic_v2_rsb RelValSMS-T1tttt_mGl-1500_mLSP-100_13_PUpmx25ns_105X_upgrade2018_realistic_v2 -> 0.6666666666666666
[2019-04-15 16:14:37,598][INFO] RelValH125GGgluonfusion_13_PU25ns_105X_upgrade2018_realistic_v2_rsb RelValZTT_13_PUpmx25ns_105X_upgrade2018_realistic_v2 -> 0.773109243697479
[2019-04-15 16:14:37,599][INFO] RelValQQH1352T_13_PU25ns_105X_upgrade2018_realistic_v2_rsb RelValZMM_13_PUpmx25ns_105X_upgrade2018_realistic_v2 -> 0.8363636363636363
[2019-04-15 16:14:37,599][INFO] RelValQQH1352T_13_PU25ns_105X_upgrade2018_realistic_v2_rsb RelValTTbar_13_PUpmx25ns_105X_upgrade2018_realistic_v2 -> 0.8392857142857143
[2019-04-15 16:14:37,599][INFO] RelValQQH1352T_13_PU25ns_105X_upgrade2018_realistic_v2_rsb RelValH125GGgluonfusion_13_PUpmx25ns_105X_upgrade2018_realistic_v2 -> 0.7903225806451613
[2019-04-15 16:14:37,600][INFO] RelValQQH1352T_13_PU25ns_105X_upgrade2018_realistic_v2_rsb RelValQQH1352T_13_PUpmx25ns_105X_upgrade2018_realistic_v2 -> 0.9391304347826087
[2019-04-15 16:14:37,600][INFO] RelValQQH1352T_13_PU25ns_105X_upgrade2018_realistic_v2_rsb RelValNuGun_PUpmx25ns_105X_upgrade2018_realistic_v2 -> 0.7889908256880734
[2019-04-15 16:14:37,601][INFO] RelValQQH1352T_13_PU25ns_105X_upgrade2018_realistic_v2_rsb RelValZEE_13_PUpmx25ns_105X_upgrade2018_realistic_v2 -> 0.8363636363636363
[2019-04-15 16:14:37,601][INFO] RelValQQH1352T_13_PU25ns_105X_upgrade2018_realistic_v2_rsb RelValSMS-T1tttt_mGl-1500_mLSP-100_13_PUpmx25ns_105X_upgrade2018_realistic_v2 -> 0.7111111111111111
[2019-04-15 16:14:37,602][INFO] RelValQQH1352T_13_PU25ns_105X_upgrade2018_realistic_v2_rsb RelValZTT_13_PUpmx25ns_105X_upgrade2018_realistic_v2 -> 0.8545454545454545
[2019-04-15 16:14:37,602][INFO] RelValNuGun_PU25ns_105X_upgrade2018_realistic_v2_rsb RelValZMM_13_PUpmx25ns_105X_upgrade2018_realistic_v2 -> 0.8269230769230769
[2019-04-15 16:14:37,602][INFO] RelValNuGun_PU25ns_105X_upgrade2018_realistic_v2_rsb RelValTTbar_13_PUpmx25ns_105X_upgrade2018_realistic_v2 -> 0.8113207547169812
[2019-04-15 16:14:37,602][INFO] RelValNuGun_PU25ns_105X_upgrade2018_realistic_v2_rsb RelValH125GGgluonfusion_13_PUpmx25ns_105X_upgrade2018_realistic_v2 -> 0.7796610169491526
[2019-04-15 16:14:37,603][INFO] RelValNuGun_PU25ns_105X_upgrade2018_realistic_v2_rsb RelValQQH1352T_13_PUpmx25ns_105X_upgrade2018_realistic_v2 -> 0.7889908256880734
[2019-04-15 16:14:37,603][INFO] RelValNuGun_PU25ns_105X_upgrade2018_realistic_v2_rsb RelValNuGun_PUpmx25ns_105X_upgrade2018_realistic_v2 -> 0.9320388349514563
[2019-04-15 16:14:37,603][INFO] RelValNuGun_PU25ns_105X_upgrade2018_realistic_v2_rsb RelValZEE_13_PUpmx25ns_105X_upgrade2018_realistic_v2 -> 0.8269230769230769
[2019-04-15 16:14:37,603][INFO] RelValNuGun_PU25ns_105X_upgrade2018_realistic_v2_rsb RelValSMS-T1tttt_mGl-1500_mLSP-100_13_PUpmx25ns_105X_upgrade2018_realistic_v2 -> 0.6821705426356589
[2019-04-15 16:14:37,604][INFO] RelValNuGun_PU25ns_105X_upgrade2018_realistic_v2_rsb RelValZTT_13_PUpmx25ns_105X_upgrade2018_realistic_v2 -> 0.8269230769230769
[2019-04-15 16:14:37,604][INFO] RelValZEE_13_PU25ns_105X_upgrade2018_realistic_v2_rsb RelValZMM_13_PUpmx25ns_105X_upgrade2018_realistic_v2 -> 0.8952380952380953
[2019-04-15 16:14:37,604][INFO] RelValZEE_13_PU25ns_105X_upgrade2018_realistic_v2_rsb RelValTTbar_13_PUpmx25ns_105X_upgrade2018_realistic_v2 -> 0.8598130841121495
[2019-04-15 16:14:37,605][INFO] RelValZEE_13_PU25ns_105X_upgrade2018_realistic_v2_rsb RelValH125GGgluonfusion_13_PUpmx25ns_105X_upgrade2018_realistic_v2 -> 0.773109243697479
[2019-04-15 16:14:37,605][INFO] RelValZEE_13_PU25ns_105X_upgrade2018_realistic_v2_rsb RelValQQH1352T_13_PUpmx25ns_105X_upgrade2018_realistic_v2 -> 0.8363636363636363
[2019-04-15 16:14:37,605][INFO] RelValZEE_13_PU25ns_105X_upgrade2018_realistic_v2_rsb RelValNuGun_PUpmx25ns_105X_upgrade2018_realistic_v2 -> 0.8269230769230769
[2019-04-15 16:14:37,606][INFO] RelValZEE_13_PU25ns_105X_upgrade2018_realistic_v2_rsb RelValZEE_13_PUpmx25ns_105X_upgrade2018_realistic_v2 -> 0.9333333333333333
[2019-04-15 16:14:37,606][INFO] RelValZEE_13_PU25ns_105X_upgrade2018_realistic_v2_rsb RelValSMS-T1tttt_mGl-1500_mLSP-100_13_PUpmx25ns_105X_upgrade2018_realistic_v2 -> 0.7076923076923077
[2019-04-15 16:14:37,606][INFO] RelValZEE_13_PU25ns_105X_upgrade2018_realistic_v2_rsb RelValZTT_13_PUpmx25ns_105X_upgrade2018_realistic_v2 -> 0.8952380952380953
[2019-04-15 16:14:37,606][INFO] RelValSMS-T1tttt_mGl-1500_mLSP-100_13_PU25ns_105X_upgrade2018_realistic_v2_rsb RelValZMM_13_PUpmx25ns_105X_upgrade2018_realistic_v2 -> 0.7230769230769231
[2019-04-15 16:14:37,607][INFO] RelValSMS-T1tttt_mGl-1500_mLSP-100_13_PU25ns_105X_upgrade2018_realistic_v2_rsb RelValTTbar_13_PUpmx25ns_105X_upgrade2018_realistic_v2 -> 0.7121212121212122
[2019-04-15 16:14:37,607][INFO] RelValSMS-T1tttt_mGl-1500_mLSP-100_13_PU25ns_105X_upgrade2018_realistic_v2_rsb RelValH125GGgluonfusion_13_PUpmx25ns_105X_upgrade2018_realistic_v2 -> 0.6805555555555556
[2019-04-15 16:14:37,607][INFO] RelValSMS-T1tttt_mGl-1500_mLSP-100_13_PU25ns_105X_upgrade2018_realistic_v2_rsb RelValQQH1352T_13_PUpmx25ns_105X_upgrade2018_realistic_v2 -> 0.6962962962962963
[2019-04-15 16:14:37,608][INFO] RelValSMS-T1tttt_mGl-1500_mLSP-100_13_PU25ns_105X_upgrade2018_realistic_v2_rsb RelValNuGun_PUpmx25ns_105X_upgrade2018_realistic_v2 -> 0.6821705426356589
[2019-04-15 16:14:37,608][INFO] RelValSMS-T1tttt_mGl-1500_mLSP-100_13_PU25ns_105X_upgrade2018_realistic_v2_rsb RelValZEE_13_PUpmx25ns_105X_upgrade2018_realistic_v2 -> 0.7076923076923077
[2019-04-15 16:14:37,608][INFO] RelValSMS-T1tttt_mGl-1500_mLSP-100_13_PU25ns_105X_upgrade2018_realistic_v2_rsb RelValSMS-T1tttt_mGl-1500_mLSP-100_13_PUpmx25ns_105X_upgrade2018_realistic_v2 -> 0.9548387096774194
[2019-04-15 16:14:37,609][INFO] RelValSMS-T1tttt_mGl-1500_mLSP-100_13_PU25ns_105X_upgrade2018_realistic_v2_rsb RelValZTT_13_PUpmx25ns_105X_upgrade2018_realistic_v2 -> 0.7230769230769231
[2019-04-15 16:14:37,609][INFO] RelValZTT_13_PU25ns_105X_upgrade2018_realistic_v2_rsb RelValZMM_13_PUpmx25ns_105X_upgrade2018_realistic_v2 -> 0.8952380952380953
[2019-04-15 16:14:37,609][INFO] RelValZTT_13_PU25ns_105X_upgrade2018_realistic_v2_rsb RelValTTbar_13_PUpmx25ns_105X_upgrade2018_realistic_v2 -> 0.897196261682243
[2019-04-15 16:14:37,609][INFO] RelValZTT_13_PU25ns_105X_upgrade2018_realistic_v2_rsb RelValH125GGgluonfusion_13_PUpmx25ns_105X_upgrade2018_realistic_v2 -> 0.773109243697479
[2019-04-15 16:14:37,610][INFO] RelValZTT_13_PU25ns_105X_upgrade2018_realistic_v2_rsb RelValQQH1352T_13_PUpmx25ns_105X_upgrade2018_realistic_v2 -> 0.8545454545454545
[2019-04-15 16:14:37,610][INFO] RelValZTT_13_PU25ns_105X_upgrade2018_realistic_v2_rsb RelValNuGun_PUpmx25ns_105X_upgrade2018_realistic_v2 -> 0.8269230769230769
[2019-04-15 16:14:37,610][INFO] RelValZTT_13_PU25ns_105X_upgrade2018_realistic_v2_rsb RelValZEE_13_PUpmx25ns_105X_upgrade2018_realistic_v2 -> 0.8952380952380953
[2019-04-15 16:14:37,610][INFO] RelValZTT_13_PU25ns_105X_upgrade2018_realistic_v2_rsb RelValSMS-T1tttt_mGl-1500_mLSP-100_13_PUpmx25ns_105X_upgrade2018_realistic_v2 -> 0.7230769230769231
[2019-04-15 16:14:37,611][INFO] RelValZTT_13_PU25ns_105X_upgrade2018_realistic_v2_rsb RelValZTT_13_PUpmx25ns_105X_upgrade2018_realistic_v2 -> 0.9333333333333333
[2019-04-15 16:14:38,649][INFO] ValidationMatrix command: ValidationMatrix.py -R DQM_V0001_R000000001__RelValSMS-T1tttt_mGl-1500_mLSP-100_13__CMSSW_10_5_0_pre2-PU25ns_105X_upgrade2018_realistic_v2_rsb-v1__DQMIO.root,DQM_V0001_R000000001__RelValH125GGgluonfusion_13__CMSSW_10_5_0_pre2-PU25ns_105X_upgrade2018_realistic_v2_rsb-v1__DQMIO.root,DQM_V0001_R000000001__RelValQQH1352T_13__CMSSW_10_5_0_pre2-PU25ns_105X_upgrade2018_realistic_v2_rsb-v1__DQMIO.root,DQM_V0001_R000000001__RelValTTbar_13__CMSSW_10_5_0_pre2-PU25ns_105X_upgrade2018_realistic_v2_rsb-v1__DQMIO.root,DQM_V0001_R000000001__RelValZMM_13__CMSSW_10_5_0_pre2-PU25ns_105X_upgrade2018_realistic_v2_rsb-v1__DQMIO.root,DQM_V0001_R000000001__RelValZEE_13__CMSSW_10_5_0_pre2-PU25ns_105X_upgrade2018_realistic_v2_rsb-v1__DQMIO.root,DQM_V0001_R000000001__RelValZTT_13__CMSSW_10_5_0_pre2-PU25ns_105X_upgrade2018_realistic_v2_rsb-v1__DQMIO.root,DQM_V0001_R000000001__RelValNuGun__CMSSW_10_5_0_pre2-PU25ns_105X_upgrade2018_realistic_v2_rsb-v1__DQMIO.root -T DQM_V0001_R000000001__RelValSMS-T1tttt_mGl-1500_mLSP-100_13__CMSSW_10_5_0_pre2-PUpmx25ns_105X_upgrade2018_realistic_v2-v1__DQMIO.root,DQM_V0001_R000000001__RelValH125GGgluonfusion_13__CMSSW_10_5_0_pre2-PUpmx25ns_105X_upgrade2018_realistic_v2-v1__DQMIO.root,DQM_V0001_R000000001__RelValQQH1352T_13__CMSSW_10_5_0_pre2-PUpmx25ns_105X_upgrade2018_realistic_v2-v1__DQMIO.root,DQM_V0001_R000000001__RelValTTbar_13__CMSSW_10_5_0_pre2-PUpmx25ns_105X_upgrade2018_realistic_v2-v1__DQMIO.root,DQM_V0001_R000000001__RelValZMM_13__CMSSW_10_5_0_pre2-PUpmx25ns_105X_upgrade2018_realistic_v2-v1__DQMIO.root,DQM_V0001_R000000001__RelValZEE_13__CMSSW_10_5_0_pre2-PUpmx25ns_105X_upgrade2018_realistic_v2-v1__DQMIO.root,DQM_V0001_R000000001__RelValZTT_13__CMSSW_10_5_0_pre2-PUpmx25ns_105X_upgrade2018_realistic_v2-v1__DQMIO.root,DQM_V0001_R000000001__RelValNuGun__CMSSW_10_5_0_pre2-PUpmx25ns_105X_upgrade2018_realistic_v2-v1__DQMIO.root -o FullSimReport_PU -N 4 --hash_name 
[2019-04-15 16:31:59,290][INFO] Compression command: dir2webdir.py FullSimReport_PU
[2019-04-15 16:32:26,406][INFO] Move command: mv FullSimReport_PU Reports/
[2019-04-15 16:32:27,483][INFO] Category: FastSim_PU
[2019-04-15 16:32:27,484][INFO] HLT: no
[2019-04-15 16:32:27,485][INFO] RelValZEE_13_PU25ns_105X_upgrade2018_realistic_v2_FastSim RelValZEE_13_PUpmx25ns_105X_upgrade2018_realistic_v2_FastSim -> 0.9743589743589743
[2019-04-15 16:32:27,485][INFO] RelValZEE_13_PU25ns_105X_upgrade2018_realistic_v2_FastSim RelValZMM_13_PUpmx25ns_105X_upgrade2018_realistic_v2_FastSim -> 0.9401709401709402
[2019-04-15 16:32:27,486][INFO] RelValZEE_13_PU25ns_105X_upgrade2018_realistic_v2_FastSim RelValZTT_13_PUpmx25ns_105X_upgrade2018_realistic_v2_FastSim -> 0.9401709401709402
[2019-04-15 16:32:27,486][INFO] RelValZEE_13_PU25ns_105X_upgrade2018_realistic_v2_FastSim RelValH125GGgluonfusion_13_PUpmx25ns_105X_upgrade2018_realistic_v2_FastSim -> 0.8244274809160306
[2019-04-15 16:32:27,487][INFO] RelValZEE_13_PU25ns_105X_upgrade2018_realistic_v2_FastSim RelValNuGun_UP18_PUpmx25ns_105X_upgrade2018_realistic_v2_FastSim -> 0.8760330578512396
[2019-04-15 16:32:27,487][INFO] RelValZEE_13_PU25ns_105X_upgrade2018_realistic_v2_FastSim RelValQCD_FlatPt_15_3000HS_13_PUpmx25ns_105X_upgrade2018_realistic_v2_FastSim -> 0.8059701492537313
[2019-04-15 16:32:27,488][INFO] RelValZEE_13_PU25ns_105X_upgrade2018_realistic_v2_FastSim RelValSMS-T1tttt_mGl-1500_mLSP-100_13_PUpmx25ns_105X_upgrade2018_realistic_v2_FastSim -> 0.7605633802816901
[2019-04-15 16:32:27,488][INFO] RelValZMM_13_PU25ns_105X_upgrade2018_realistic_v2_FastSim RelValZEE_13_PUpmx25ns_105X_upgrade2018_realistic_v2_FastSim -> 0.9401709401709402
[2019-04-15 16:32:27,489][INFO] RelValZMM_13_PU25ns_105X_upgrade2018_realistic_v2_FastSim RelValZMM_13_PUpmx25ns_105X_upgrade2018_realistic_v2_FastSim -> 0.9743589743589743
[2019-04-15 16:32:27,489][INFO] RelValZMM_13_PU25ns_105X_upgrade2018_realistic_v2_FastSim RelValZTT_13_PUpmx25ns_105X_upgrade2018_realistic_v2_FastSim -> 0.9401709401709402
[2019-04-15 16:32:27,489][INFO] RelValZMM_13_PU25ns_105X_upgrade2018_realistic_v2_FastSim RelValH125GGgluonfusion_13_PUpmx25ns_105X_upgrade2018_realistic_v2_FastSim -> 0.8244274809160306
[2019-04-15 16:32:27,490][INFO] RelValZMM_13_PU25ns_105X_upgrade2018_realistic_v2_FastSim RelValNuGun_UP18_PUpmx25ns_105X_upgrade2018_realistic_v2_FastSim -> 0.8760330578512396
[2019-04-15 16:32:27,490][INFO] RelValZMM_13_PU25ns_105X_upgrade2018_realistic_v2_FastSim RelValQCD_FlatPt_15_3000HS_13_PUpmx25ns_105X_upgrade2018_realistic_v2_FastSim -> 0.8059701492537313
[2019-04-15 16:32:27,491][INFO] RelValZMM_13_PU25ns_105X_upgrade2018_realistic_v2_FastSim RelValSMS-T1tttt_mGl-1500_mLSP-100_13_PUpmx25ns_105X_upgrade2018_realistic_v2_FastSim -> 0.7746478873239436
[2019-04-15 16:32:27,491][INFO] RelValZTT_13_PU25ns_105X_upgrade2018_realistic_v2_FastSim RelValZEE_13_PUpmx25ns_105X_upgrade2018_realistic_v2_FastSim -> 0.9401709401709402
[2019-04-15 16:32:27,492][INFO] RelValZTT_13_PU25ns_105X_upgrade2018_realistic_v2_FastSim RelValZMM_13_PUpmx25ns_105X_upgrade2018_realistic_v2_FastSim -> 0.9401709401709402
[2019-04-15 16:32:27,492][INFO] RelValZTT_13_PU25ns_105X_upgrade2018_realistic_v2_FastSim RelValZTT_13_PUpmx25ns_105X_upgrade2018_realistic_v2_FastSim -> 0.9743589743589743
[2019-04-15 16:32:27,493][INFO] RelValZTT_13_PU25ns_105X_upgrade2018_realistic_v2_FastSim RelValH125GGgluonfusion_13_PUpmx25ns_105X_upgrade2018_realistic_v2_FastSim -> 0.8244274809160306
[2019-04-15 16:32:27,493][INFO] RelValZTT_13_PU25ns_105X_upgrade2018_realistic_v2_FastSim RelValNuGun_UP18_PUpmx25ns_105X_upgrade2018_realistic_v2_FastSim -> 0.8760330578512396
[2019-04-15 16:32:27,494][INFO] RelValZTT_13_PU25ns_105X_upgrade2018_realistic_v2_FastSim RelValQCD_FlatPt_15_3000HS_13_PUpmx25ns_105X_upgrade2018_realistic_v2_FastSim -> 0.8059701492537313
[2019-04-15 16:32:27,494][INFO] RelValZTT_13_PU25ns_105X_upgrade2018_realistic_v2_FastSim RelValSMS-T1tttt_mGl-1500_mLSP-100_13_PUpmx25ns_105X_upgrade2018_realistic_v2_FastSim -> 0.7746478873239436
[2019-04-15 16:32:27,495][INFO] RelValH125GGgluonfusion_13_PU25ns_105X_upgrade2018_realistic_v2_FastSim RelValZEE_13_PUpmx25ns_105X_upgrade2018_realistic_v2_FastSim -> 0.8244274809160306
[2019-04-15 16:32:27,495][INFO] RelValH125GGgluonfusion_13_PU25ns_105X_upgrade2018_realistic_v2_FastSim RelValZMM_13_PUpmx25ns_105X_upgrade2018_realistic_v2_FastSim -> 0.8244274809160306
[2019-04-15 16:32:27,496][INFO] RelValH125GGgluonfusion_13_PU25ns_105X_upgrade2018_realistic_v2_FastSim RelValZTT_13_PUpmx25ns_105X_upgrade2018_realistic_v2_FastSim -> 0.8244274809160306
[2019-04-15 16:32:27,496][INFO] RelValH125GGgluonfusion_13_PU25ns_105X_upgrade2018_realistic_v2_FastSim RelValH125GGgluonfusion_13_PUpmx25ns_105X_upgrade2018_realistic_v2_FastSim -> 0.9793103448275862
[2019-04-15 16:32:27,497][INFO] RelValH125GGgluonfusion_13_PU25ns_105X_upgrade2018_realistic_v2_FastSim RelValNuGun_UP18_PUpmx25ns_105X_upgrade2018_realistic_v2_FastSim -> 0.8296296296296296
[2019-04-15 16:32:27,497][INFO] RelValH125GGgluonfusion_13_PU25ns_105X_upgrade2018_realistic_v2_FastSim RelValQCD_FlatPt_15_3000HS_13_PUpmx25ns_105X_upgrade2018_realistic_v2_FastSim -> 0.7432432432432432
[2019-04-15 16:32:27,498][INFO] RelValH125GGgluonfusion_13_PU25ns_105X_upgrade2018_realistic_v2_FastSim RelValSMS-T1tttt_mGl-1500_mLSP-100_13_PUpmx25ns_105X_upgrade2018_realistic_v2_FastSim -> 0.717948717948718
[2019-04-15 16:32:27,498][INFO] RelValNuGun_UP18_PU25ns_105X_upgrade2018_realistic_v2_FastSim RelValZEE_13_PUpmx25ns_105X_upgrade2018_realistic_v2_FastSim -> 0.8760330578512396
[2019-04-15 16:32:27,499][INFO] RelValNuGun_UP18_PU25ns_105X_upgrade2018_realistic_v2_FastSim RelValZMM_13_PUpmx25ns_105X_upgrade2018_realistic_v2_FastSim -> 0.8760330578512396
[2019-04-15 16:32:27,499][INFO] RelValNuGun_UP18_PU25ns_105X_upgrade2018_realistic_v2_FastSim RelValZTT_13_PUpmx25ns_105X_upgrade2018_realistic_v2_FastSim -> 0.8760330578512396
[2019-04-15 16:32:27,500][INFO] RelValNuGun_UP18_PU25ns_105X_upgrade2018_realistic_v2_FastSim RelValH125GGgluonfusion_13_PUpmx25ns_105X_upgrade2018_realistic_v2_FastSim -> 0.8296296296296296
[2019-04-15 16:32:27,500][INFO] RelValNuGun_UP18_PU25ns_105X_upgrade2018_realistic_v2_FastSim RelValNuGun_UP18_PUpmx25ns_105X_upgrade2018_realistic_v2_FastSim -> 0.976
[2019-04-15 16:32:27,501][INFO] RelValNuGun_UP18_PU25ns_105X_upgrade2018_realistic_v2_FastSim RelValQCD_FlatPt_15_3000HS_13_PUpmx25ns_105X_upgrade2018_realistic_v2_FastSim -> 0.782608695652174
[2019-04-15 16:32:27,501][INFO] RelValNuGun_UP18_PU25ns_105X_upgrade2018_realistic_v2_FastSim RelValSMS-T1tttt_mGl-1500_mLSP-100_13_PUpmx25ns_105X_upgrade2018_realistic_v2_FastSim -> 0.7534246575342466
[2019-04-15 16:32:27,502][INFO] RelValQCD_FlatPt_15_3000HS_13_PU25ns_105X_upgrade2018_realistic_v2_FastSim RelValZEE_13_PUpmx25ns_105X_upgrade2018_realistic_v2_FastSim -> 0.8059701492537313
[2019-04-15 16:32:27,502][INFO] RelValQCD_FlatPt_15_3000HS_13_PU25ns_105X_upgrade2018_realistic_v2_FastSim RelValZMM_13_PUpmx25ns_105X_upgrade2018_realistic_v2_FastSim -> 0.8059701492537313
[2019-04-15 16:32:27,503][INFO] RelValQCD_FlatPt_15_3000HS_13_PU25ns_105X_upgrade2018_realistic_v2_FastSim RelValZTT_13_PUpmx25ns_105X_upgrade2018_realistic_v2_FastSim -> 0.8059701492537313
[2019-04-15 16:32:27,504][INFO] RelValQCD_FlatPt_15_3000HS_13_PU25ns_105X_upgrade2018_realistic_v2_FastSim RelValH125GGgluonfusion_13_PUpmx25ns_105X_upgrade2018_realistic_v2_FastSim -> 0.7432432432432432
[2019-04-15 16:32:27,504][INFO] RelValQCD_FlatPt_15_3000HS_13_PU25ns_105X_upgrade2018_realistic_v2_FastSim RelValNuGun_UP18_PUpmx25ns_105X_upgrade2018_realistic_v2_FastSim -> 0.782608695652174
[2019-04-15 16:32:27,505][INFO] RelValQCD_FlatPt_15_3000HS_13_PU25ns_105X_upgrade2018_realistic_v2_FastSim RelValQCD_FlatPt_15_3000HS_13_PUpmx25ns_105X_upgrade2018_realistic_v2_FastSim -> 0.9801324503311258
[2019-04-15 16:32:27,505][INFO] RelValQCD_FlatPt_15_3000HS_13_PU25ns_105X_upgrade2018_realistic_v2_FastSim RelValSMS-T1tttt_mGl-1500_mLSP-100_13_PUpmx25ns_105X_upgrade2018_realistic_v2_FastSim -> 0.779874213836478
[2019-04-15 16:32:27,506][INFO] RelValSMS-T1tttt_mGl-1500_mLSP-100_13_PU25ns_105X_upgrade2018_realistic_v2_FastSim RelValZEE_13_PUpmx25ns_105X_upgrade2018_realistic_v2_FastSim -> 0.7605633802816901
[2019-04-15 16:32:27,507][INFO] RelValSMS-T1tttt_mGl-1500_mLSP-100_13_PU25ns_105X_upgrade2018_realistic_v2_FastSim RelValZMM_13_PUpmx25ns_105X_upgrade2018_realistic_v2_FastSim -> 0.7746478873239436
[2019-04-15 16:32:27,507][INFO] RelValSMS-T1tttt_mGl-1500_mLSP-100_13_PU25ns_105X_upgrade2018_realistic_v2_FastSim RelValZTT_13_PUpmx25ns_105X_upgrade2018_realistic_v2_FastSim -> 0.7746478873239436
[2019-04-15 16:32:27,508][INFO] RelValSMS-T1tttt_mGl-1500_mLSP-100_13_PU25ns_105X_upgrade2018_realistic_v2_FastSim RelValH125GGgluonfusion_13_PUpmx25ns_105X_upgrade2018_realistic_v2_FastSim -> 0.7307692307692307
[2019-04-15 16:32:27,508][INFO] RelValSMS-T1tttt_mGl-1500_mLSP-100_13_PU25ns_105X_upgrade2018_realistic_v2_FastSim RelValNuGun_UP18_PUpmx25ns_105X_upgrade2018_realistic_v2_FastSim -> 0.7123287671232876
[2019-04-15 16:32:27,509][INFO] RelValSMS-T1tttt_mGl-1500_mLSP-100_13_PU25ns_105X_upgrade2018_realistic_v2_FastSim RelValQCD_FlatPt_15_3000HS_13_PUpmx25ns_105X_upgrade2018_realistic_v2_FastSim -> 0.779874213836478
[2019-04-15 16:32:27,510][INFO] RelValSMS-T1tttt_mGl-1500_mLSP-100_13_PU25ns_105X_upgrade2018_realistic_v2_FastSim RelValSMS-T1tttt_mGl-1500_mLSP-100_13_PUpmx25ns_105X_upgrade2018_realistic_v2_FastSim -> 0.9820359281437125
[2019-04-15 16:32:28,573][INFO] ValidationMatrix command: ValidationMatrix.py -R DQM_V0001_R000000001__RelValSMS-T1tttt_mGl-1500_mLSP-100_13__CMSSW_10_5_0_pre2-PU25ns_105X_upgrade2018_realistic_v2_FastSim-v1__DQMIO.root,DQM_V0001_R000000001__RelValQCD_FlatPt_15_3000HS_13__CMSSW_10_5_0_pre2-PU25ns_105X_upgrade2018_realistic_v2_FastSim-v1__DQMIO.root,DQM_V0001_R000000001__RelValH125GGgluonfusion_13__CMSSW_10_5_0_pre2-PU25ns_105X_upgrade2018_realistic_v2_FastSim-v1__DQMIO.root,DQM_V0001_R000000001__RelValNuGun_UP18__CMSSW_10_5_0_pre2-PU25ns_105X_upgrade2018_realistic_v2_FastSim-v1__DQMIO.root,DQM_V0001_R000000001__RelValZEE_13__CMSSW_10_5_0_pre2-PU25ns_105X_upgrade2018_realistic_v2_FastSim-v1__DQMIO.root,DQM_V0001_R000000001__RelValZMM_13__CMSSW_10_5_0_pre2-PU25ns_105X_upgrade2018_realistic_v2_FastSim-v1__DQMIO.root,DQM_V0001_R000000001__RelValZTT_13__CMSSW_10_5_0_pre2-PU25ns_105X_upgrade2018_realistic_v2_FastSim-v1__DQMIO.root -T DQM_V0001_R000000001__RelValSMS-T1tttt_mGl-1500_mLSP-100_13__CMSSW_10_5_0_pre2-PUpmx25ns_105X_upgrade2018_realistic_v2_FastSim-v1__DQMIO.root,DQM_V0001_R000000001__RelValQCD_FlatPt_15_3000HS_13__CMSSW_10_5_0_pre2-PUpmx25ns_105X_upgrade2018_realistic_v2_FastSim-v1__DQMIO.root,DQM_V0001_R000000001__RelValH125GGgluonfusion_13__CMSSW_10_5_0_pre2-PUpmx25ns_105X_upgrade2018_realistic_v2_FastSim-v1__DQMIO.root,DQM_V0001_R000000001__RelValNuGun_UP18__CMSSW_10_5_0_pre2-PUpmx25ns_105X_upgrade2018_realistic_v2_FastSim-v1__DQMIO.root,DQM_V0001_R000000001__RelValZEE_13__CMSSW_10_5_0_pre2-PUpmx25ns_105X_upgrade2018_realistic_v2_FastSim-v1__DQMIO.root,DQM_V0001_R000000001__RelValZMM_13__CMSSW_10_5_0_pre2-PUpmx25ns_105X_upgrade2018_realistic_v2_FastSim-v1__DQMIO.root,DQM_V0001_R000000001__RelValZTT_13__CMSSW_10_5_0_pre2-PUpmx25ns_105X_upgrade2018_realistic_v2_FastSim-v1__DQMIO.root -o FastSimReport_PU -N 4 --hash_name 
[2019-04-15 16:39:56,550][INFO] Compression command: dir2webdir.py FastSimReport_PU
[2019-04-15 16:40:06,411][INFO] Move command: mv FastSimReport_PU Reports/
